<?xml version="1.0" encoding="utf-8"?><testsuites name="pytest tests"><testsuite name="pytest" errors="0" failures="0" skipped="0" tests="33" time="4.599" timestamp="2026-03-01T15:44:52.535752+00:00" hostname="agent-env-fad2faa1-5187-4bac-a0b2-c5a5287cf4ec"><testcase classname="backend.tests.test_agenda_module.TestAgendaModule" name="test_01_create_free_event" time="0.460" /><testcase classname="backend.tests.test_agenda_module.TestAgendaModule" name="test_02_create_paid_event" time="0.112" /><testcase classname="backend.tests.test_agenda_module.TestAgendaModule" name="test_03_list_events" time="0.112" /><testcase classname="backend.tests.test_agenda_module.TestAgendaModule" name="test_04_get_event_by_id" time="0.126" /><testcase classname="backend.tests.test_agenda_module.TestAgendaModule" name="test_05_update_event" time="0.217" /><testcase classname="backend.tests.test_agenda_module.TestAgendaModule" name="test_06_filter_events_by_status" time="0.121" /><testcase classname="backend.tests.test_agenda_module.TestAgendaModule" name="test_10_create_member_for_inscricao" time="0.124" /><testcase classname="backend.tests.test_agenda_module.TestAgendaModule" name="test_11_create_inscricao_free_event" time="0.119" /><testcase classname="backend.tests.test_agenda_module.TestAgendaModule" name="test_12_duplicate_inscricao_rejected" time="0.109" /><testcase classname="backend.tests.test_agenda_module.TestAgendaModule" name="test_13_list_inscricoes" time="0.110" /><testcase classname="backend.tests.test_agenda_module.TestAgendaModule" name="test_14_create_inscricao_paid_event_pending" time="0.236" /><testcase classname="backend.tests.test_agenda_module.TestAgendaModule" name="test_15_confirm_payment_inscricao" time="0.111" /><testcase classname="backend.tests.test_agenda_module.TestAgendaModule" name="test_16_cancel_inscricao" time="0.120" /><testcase classname="backend.tests.test_agenda_module.TestAgendaModule" name="test_20_create_aviso" time="0.114" /><testcase classname="backend.tests.test_agenda_module.TestAgendaModule" name="test_21_list_avisos" time="0.109" /><testcase classname="backend.tests.test_agenda_module.TestAgendaModule" name="test_22_filter_avisos_by_prioridade" time="0.106" /><testcase classname="backend.tests.test_agenda_module.TestAgendaModule" name="test_23_update_aviso" time="0.213" /><testcase classname="backend.tests.test_agenda_module.TestAgendaModule" name="test_30_create_anotacao" time="0.127" /><testcase classname="backend.tests.test_agenda_module.TestAgendaModule" name="test_31_list_anotacoes" time="0.119" /><testcase classname="backend.tests.test_agenda_module.TestAgendaModule" name="test_32_update_anotacao" time="0.107" /><testcase classname="backend.tests.test_agenda_module.TestAgendaModule" name="test_40_list_notificacoes" time="0.103" /><testcase classname="backend.tests.test_agenda_module.TestAgendaModule" name="test_41_count_unread_notificacoes" time="0.097" /><testcase classname="backend.tests.test_agenda_module.TestAgendaModule" name="test_42_filter_notificacoes_by_tipo" time="0.110" /><testcase classname="backend.tests.test_agenda_module.TestAgendaModule" name="test_43_mark_all_read" time="0.110" /><testcase classname="backend.tests.test_agenda_module.TestAgendaModule" name="test_50_calendario_aggregation" time="0.112" /><testcase classname="backend.tests.test_agenda_module.TestAgendaModule" name="test_51_calendario_filter_by_tipo" time="0.102" /><testcase classname="backend.tests.test_agenda_module.TestAgendaModule" name="test_60_export_eventos" time="0.113" /><testcase classname="backend.tests.test_agenda_module.TestAgendaModule" name="test_61_export_inscricoes" time="0.108" /><testcase classname="backend.tests.test_agenda_module.TestAgendaModule" name="test_90_cleanup_anotacao" time="0.127" /><testcase classname="backend.tests.test_agenda_module.TestAgendaModule" name="test_91_cleanup_aviso" time="0.107" /><testcase classname="backend.tests.test_agenda_module.TestAgendaModule" name="test_92_cleanup_paid_event" time="0.133" /><testcase classname="backend.tests.test_agenda_module.TestAgendaModule" name="test_93_cleanup_free_event" time="0.111" /><testcase classname="backend.tests.test_agenda_module.TestAgendaModule" name="test_94_cleanup_member" time="0.205" /></testsuite></testsuites>