<?xml version="1.0" encoding="utf-8"?><testsuites name="pytest tests"><testsuite name="pytest" errors="0" failures="7" skipped="0" tests="33" time="4.336" timestamp="2026-03-01T15:44:23.456604+00:00" hostname="agent-env-fad2faa1-5187-4bac-a0b2-c5a5287cf4ec"><testcase classname="backend.tests.test_agenda_module.TestAgendaModule" name="test_01_create_free_event" time="0.602" /><testcase classname="backend.tests.test_agenda_module.TestAgendaModule" name="test_02_create_paid_event" time="0.117" /><testcase classname="backend.tests.test_agenda_module.TestAgendaModule" name="test_03_list_events" time="0.107" /><testcase classname="backend.tests.test_agenda_module.TestAgendaModule" name="test_04_get_event_by_id" time="0.136" /><testcase classname="backend.tests.test_agenda_module.TestAgendaModule" name="test_05_update_event" time="0.219" /><testcase classname="backend.tests.test_agenda_module.TestAgendaModule" name="test_06_filter_events_by_status" time="0.104" /><testcase classname="backend.tests.test_agenda_module.TestAgendaModule" name="test_10_create_member_for_inscricao" time="0.106"><failure message="AssertionError: Create member failed: {&quot;detail&quot;:[{&quot;type&quot;:&quot;enum&quot;,&quot;loc&quot;:[&quot;body&quot;,&quot;status&quot;],&quot;msg&quot;:&quot;Input should be 'visitor', 'new_convert', 'member' or 'leader'&quot;,&quot;input&quot;:&quot;active&quot;,&quot;ctx&quot;:{&quot;expected&quot;:&quot;'visitor', 'new_convert', 'member' or 'leader'&quot;},&quot;url&quot;:&quot;https://errors.pydantic.dev/2.12/v/enum&quot;}]}&#10;assert 422 == 200&#10; +  where 422 = &lt;Response [422]&gt;.status_code">backend/tests/test_agenda_module.py:162: in test_10_create_member_for_inscricao
    assert response.status_code == 200, f"Create member failed: {response.text}"
E   AssertionError: Create member failed: {"detail":[{"type":"enum","loc":["body","status"],"msg":"Input should be 'visitor', 'new_convert', 'member' or 'leader'","input":"active","ctx":{"expected":"'visitor', 'new_convert', 'member' or 'leader'"},"url":"https://errors.pydantic.dev/2.12/v/enum"}]}
E   assert 422 == 200
E    +  where 422 = &lt;Response [422]&gt;.status_code</failure></testcase><testcase classname="backend.tests.test_agenda_module.TestAgendaModule" name="test_11_create_inscricao_free_event" time="0.121"><failure message="AssertionError: Create inscricao failed: {&quot;detail&quot;:&quot;membro_id obrigatório&quot;}&#10;assert 400 == 200&#10; +  where 400 = &lt;Response [400]&gt;.status_code">backend/tests/test_agenda_module.py:171: in test_11_create_inscricao_free_event
    assert response.status_code == 200, f"Create inscricao failed: {response.text}"
E   AssertionError: Create inscricao failed: {"detail":"membro_id obrigatório"}
E   assert 400 == 200
E    +  where 400 = &lt;Response [400]&gt;.status_code</failure></testcase><testcase classname="backend.tests.test_agenda_module.TestAgendaModule" name="test_12_duplicate_inscricao_rejected" time="0.106"><failure message="AssertionError: assert 'inscrito' in 'membro_id obrigatório'&#10; +  where 'membro_id obrigatório' = &lt;built-in method lower of str object at 0xfd89b09f5a10&gt;()&#10; +    where &lt;built-in method lower of str object at 0xfd89b09f5a10&gt; = 'membro_id obrigatório'.lower">backend/tests/test_agenda_module.py:183: in test_12_duplicate_inscricao_rejected
    assert "inscrito" in response.json()["detail"].lower()
E   AssertionError: assert 'inscrito' in 'membro_id obrigatório'
E    +  where 'membro_id obrigatório' = &lt;built-in method lower of str object at 0xfd89b09f5a10&gt;()
E    +    where &lt;built-in method lower of str object at 0xfd89b09f5a10&gt; = 'membro_id obrigatório'.lower</failure></testcase><testcase classname="backend.tests.test_agenda_module.TestAgendaModule" name="test_13_list_inscricoes" time="0.106"><failure message="assert 0 &gt;= 1&#10; +  where 0 = len([])">backend/tests/test_agenda_module.py:193: in test_13_list_inscricoes
    assert len(data) &gt;= 1
E   assert 0 &gt;= 1
E    +  where 0 = len([])</failure></testcase><testcase classname="backend.tests.test_agenda_module.TestAgendaModule" name="test_14_create_inscricao_paid_event_pending" time="0.105"><failure message="assert 422 == 200&#10; +  where 422 = &lt;Response [422]&gt;.status_code">backend/tests/test_agenda_module.py:207: in test_14_create_inscricao_paid_event_pending
    assert member_response.status_code == 200
E   assert 422 == 200
E    +  where 422 = &lt;Response [422]&gt;.status_code</failure></testcase><testcase classname="backend.tests.test_agenda_module.TestAgendaModule" name="test_15_confirm_payment_inscricao" time="0.000"><failure message="AttributeError: type object 'TestAgendaModule' has no attribute 'paid_inscricao_id'">backend/tests/test_agenda_module.py:221: in test_15_confirm_payment_inscricao
    f"{BASE_URL}/api/church/events/{TestAgendaModule.test_paid_event_id}/inscricoes/{TestAgendaModule.paid_inscricao_id}/confirmar-pagamento",
                                                                                     ^^^^^^^^^^^^^^^^^^^^^^^^^^^^^^^^^^
E   AttributeError: type object 'TestAgendaModule' has no attribute 'paid_inscricao_id'</failure></testcase><testcase classname="backend.tests.test_agenda_module.TestAgendaModule" name="test_16_cancel_inscricao" time="0.120"><failure message="AssertionError: Cancel inscricao failed: {&quot;detail&quot;:&quot;Inscrição não encontrada&quot;}&#10;assert 404 == 200&#10; +  where 404 = &lt;Response [404]&gt;.status_code">backend/tests/test_agenda_module.py:235: in test_16_cancel_inscricao
    assert response.status_code == 200, f"Cancel inscricao failed: {response.text}"
E   AssertionError: Cancel inscricao failed: {"detail":"Inscrição não encontrada"}
E   assert 404 == 200
E    +  where 404 = &lt;Response [404]&gt;.status_code</failure></testcase><testcase classname="backend.tests.test_agenda_module.TestAgendaModule" name="test_20_create_aviso" time="0.106" /><testcase classname="backend.tests.test_agenda_module.TestAgendaModule" name="test_21_list_avisos" time="0.115" /><testcase classname="backend.tests.test_agenda_module.TestAgendaModule" name="test_22_filter_avisos_by_prioridade" time="0.103" /><testcase classname="backend.tests.test_agenda_module.TestAgendaModule" name="test_23_update_aviso" time="0.210" /><testcase classname="backend.tests.test_agenda_module.TestAgendaModule" name="test_30_create_anotacao" time="0.164" /><testcase classname="backend.tests.test_agenda_module.TestAgendaModule" name="test_31_list_anotacoes" time="0.102" /><testcase classname="backend.tests.test_agenda_module.TestAgendaModule" name="test_32_update_anotacao" time="0.105" /><testcase classname="backend.tests.test_agenda_module.TestAgendaModule" name="test_40_list_notificacoes" time="0.117" /><testcase classname="backend.tests.test_agenda_module.TestAgendaModule" name="test_41_count_unread_notificacoes" time="0.102" /><testcase classname="backend.tests.test_agenda_module.TestAgendaModule" name="test_42_filter_notificacoes_by_tipo" time="0.103" /><testcase classname="backend.tests.test_agenda_module.TestAgendaModule" name="test_43_mark_all_read" time="0.098" /><testcase classname="backend.tests.test_agenda_module.TestAgendaModule" name="test_50_calendario_aggregation" time="0.110" /><testcase classname="backend.tests.test_agenda_module.TestAgendaModule" name="test_51_calendario_filter_by_tipo" time="0.099" /><testcase classname="backend.tests.test_agenda_module.TestAgendaModule" name="test_60_export_eventos" time="0.110" /><testcase classname="backend.tests.test_agenda_module.TestAgendaModule" name="test_61_export_inscricoes" time="0.117" /><testcase classname="backend.tests.test_agenda_module.TestAgendaModule" name="test_90_cleanup_anotacao" time="0.137" /><testcase classname="backend.tests.test_agenda_module.TestAgendaModule" name="test_91_cleanup_aviso" time="0.113" /><testcase classname="backend.tests.test_agenda_module.TestAgendaModule" name="test_92_cleanup_paid_event" time="0.114" /><testcase classname="backend.tests.test_agenda_module.TestAgendaModule" name="test_93_cleanup_free_event" time="0.109" /><testcase classname="backend.tests.test_agenda_module.TestAgendaModule" name="test_94_cleanup_member" time="0.000" /></testsuite></testsuites>