<?xml version="1.0" encoding="utf-8"?><testsuites name="pytest tests"><testsuite name="pytest" errors="0" failures="1" skipped="3" tests="25" time="3.970" timestamp="2026-03-01T15:19:08.643981+00:00" hostname="agent-env-fad2faa1-5187-4bac-a0b2-c5a5287cf4ec"><testcase classname="backend.tests.test_crud_core.TestRegistrationFlow" name="test_register_new_church_admin" time="0.796" /><testcase classname="backend.tests.test_crud_core.TestRegistrationFlow" name="test_duplicate_email_rejected" time="0.124" /><testcase classname="backend.tests.test_crud_core.TestDepartments" name="test_create_department" time="0.463" /><testcase classname="backend.tests.test_crud_core.TestDepartments" name="test_list_departments" time="0.110" /><testcase classname="backend.tests.test_crud_core.TestDepartments" name="test_get_department_by_id" time="0.114" /><testcase classname="backend.tests.test_crud_core.TestDepartments" name="test_update_department" time="0.264" /><testcase classname="backend.tests.test_crud_core.TestDepartments" name="test_delete_department" time="0.215" /><testcase classname="backend.tests.test_crud_core.TestEvents" name="test_create_event" time="0.111"><failure message="AssertionError: Create failed: {&quot;detail&quot;:[{&quot;type&quot;:&quot;missing&quot;,&quot;loc&quot;:[&quot;body&quot;,&quot;event_date&quot;],&quot;msg&quot;:&quot;Field required&quot;,&quot;input&quot;:{&quot;title&quot;:&quot;TEST_Event_1772378350&quot;,&quot;description&quot;:&quot;Test event for automated tests&quot;,&quot;date&quot;:&quot;2026-03-08T15:19:10.803003&quot;,&quot;location&quot;:&quot;Test Location&quot;,&quot;event_type&quot;:&quot;celebration&quot;},&quot;url&quot;:&quot;https://errors.pydantic.dev/2.12/v/missing&quot;}]}&#10;assert 422 == 200&#10; +  where 422 = &lt;Response [422]&gt;.status_code">backend/tests/test_crud_core.py:204: in test_create_event
    assert response.status_code == 200, f"Create failed: {response.text}"
E   AssertionError: Create failed: {"detail":[{"type":"missing","loc":["body","event_date"],"msg":"Field required","input":{"title":"TEST_Event_1772378350","description":"Test event for automated tests","date":"2026-03-08T15:19:10.803003","location":"Test Location","event_type":"celebration"},"url":"https://errors.pydantic.dev/2.12/v/missing"}]}
E   assert 422 == 200
E    +  where 422 = &lt;Response [422]&gt;.status_code</failure></testcase><testcase classname="backend.tests.test_crud_core.TestEvents" name="test_list_events" time="0.111" /><testcase classname="backend.tests.test_crud_core.TestEvents" name="test_get_event_by_id" time="0.000"><skipped type="pytest.skip" message="No event to fetch">/app/backend/tests/test_crud_core.py:225: No event to fetch</skipped></testcase><testcase classname="backend.tests.test_crud_core.TestEvents" name="test_update_event" time="0.000"><skipped type="pytest.skip" message="No event to update">/app/backend/tests/test_crud_core.py:239: No event to update</skipped></testcase><testcase classname="backend.tests.test_crud_core.TestEvents" name="test_delete_event" time="0.000"><skipped type="pytest.skip" message="No event to delete">/app/backend/tests/test_crud_core.py:264: No event to delete</skipped></testcase><testcase classname="backend.tests.test_crud_core.TestGroupCategories" name="test_create_group_category" time="0.107" /><testcase classname="backend.tests.test_crud_core.TestGroupCategories" name="test_list_group_categories" time="0.111" /><testcase classname="backend.tests.test_crud_core.TestGroupCategories" name="test_update_group_category" time="0.141" /><testcase classname="backend.tests.test_crud_core.TestGroupCategories" name="test_delete_group_category" time="0.120" /><testcase classname="backend.tests.test_crud_core.TestGroups" name="test_create_group" time="0.107" /><testcase classname="backend.tests.test_crud_core.TestGroups" name="test_list_groups" time="0.132" /><testcase classname="backend.tests.test_crud_core.TestGroups" name="test_get_group_by_id" time="0.106" /><testcase classname="backend.tests.test_crud_core.TestGroups" name="test_update_group" time="0.104" /><testcase classname="backend.tests.test_crud_core.TestGroups" name="test_delete_group" time="0.199" /><testcase classname="backend.tests.test_crud_core.TestCleanup" name="test_cleanup_test_departments" time="0.121" /><testcase classname="backend.tests.test_crud_core.TestCleanup" name="test_cleanup_test_events" time="0.110" /><testcase classname="backend.tests.test_crud_core.TestCleanup" name="test_cleanup_test_groups" time="0.103" /><testcase classname="backend.tests.test_crud_core.TestCleanup" name="test_cleanup_test_group_categories" time="0.103" /></testsuite></testsuites>