<?xml version="1.0" encoding="utf-8"?><testsuites name="pytest tests"><testsuite name="pytest" errors="0" failures="0" skipped="0" tests="25" time="3.888" timestamp="2026-03-01T15:19:33.517914+00:00" hostname="agent-env-fad2faa1-5187-4bac-a0b2-c5a5287cf4ec"><testcase classname="backend.tests.test_crud_core.TestRegistrationFlow" name="test_register_new_church_admin" time="0.352" /><testcase classname="backend.tests.test_crud_core.TestRegistrationFlow" name="test_duplicate_email_rejected" time="0.096" /><testcase classname="backend.tests.test_crud_core.TestDepartments" name="test_create_department" time="0.444" /><testcase classname="backend.tests.test_crud_core.TestDepartments" name="test_list_departments" time="0.101" /><testcase classname="backend.tests.test_crud_core.TestDepartments" name="test_get_department_by_id" time="0.107" /><testcase classname="backend.tests.test_crud_core.TestDepartments" name="test_update_department" time="0.211" /><testcase classname="backend.tests.test_crud_core.TestDepartments" name="test_delete_department" time="0.220" /><testcase classname="backend.tests.test_crud_core.TestEvents" name="test_create_event" time="0.098" /><testcase classname="backend.tests.test_crud_core.TestEvents" name="test_list_events" time="0.101" /><testcase classname="backend.tests.test_crud_core.TestEvents" name="test_get_event_by_id" time="0.108" /><testcase classname="backend.tests.test_crud_core.TestEvents" name="test_update_event" time="0.216" /><testcase classname="backend.tests.test_crud_core.TestEvents" name="test_delete_event" time="0.218" /><testcase classname="backend.tests.test_crud_core.TestGroupCategories" name="test_create_group_category" time="0.110" /><testcase classname="backend.tests.test_crud_core.TestGroupCategories" name="test_list_group_categories" time="0.099" /><testcase classname="backend.tests.test_crud_core.TestGroupCategories" name="test_update_group_category" time="0.113" /><testcase classname="backend.tests.test_crud_core.TestGroupCategories" name="test_delete_group_category" time="0.117" /><testcase classname="backend.tests.test_crud_core.TestGroups" name="test_create_group" time="0.104" /><testcase classname="backend.tests.test_crud_core.TestGroups" name="test_list_groups" time="0.111" /><testcase classname="backend.tests.test_crud_core.TestGroups" name="test_get_group_by_id" time="0.128" /><testcase classname="backend.tests.test_crud_core.TestGroups" name="test_update_group" time="0.108" /><testcase classname="backend.tests.test_crud_core.TestGroups" name="test_delete_group" time="0.202" /><testcase classname="backend.tests.test_crud_core.TestCleanup" name="test_cleanup_test_departments" time="0.102" /><testcase classname="backend.tests.test_crud_core.TestCleanup" name="test_cleanup_test_events" time="0.115" /><testcase classname="backend.tests.test_crud_core.TestCleanup" name="test_cleanup_test_groups" time="0.146" /><testcase classname="backend.tests.test_crud_core.TestCleanup" name="test_cleanup_test_group_categories" time="0.103" /></testsuite></testsuites>