<?xml version="1.0" encoding="utf-8"?><testsuites name="pytest tests"><testsuite name="pytest" errors="0" failures="0" skipped="0" tests="19" time="2.788" timestamp="2026-02-28T15:18:36.154339+00:00" hostname="agent-env-c561359b-78ff-4dc5-ab9c-d352f121b1ff"><testcase classname="backend.tests.test_departments_module.TestHealthAndAuth" name="test_health_check" time="0.242" /><testcase classname="backend.tests.test_departments_module.TestHealthAndAuth" name="test_login_success" time="0.285" /><testcase classname="backend.tests.test_departments_module.TestDepartmentsCRUD" name="test_list_departments" time="0.327" /><testcase classname="backend.tests.test_departments_module.TestDepartmentsCRUD" name="test_list_departments_by_status_active" time="0.055" /><testcase classname="backend.tests.test_departments_module.TestDepartmentsCRUD" name="test_list_departments_by_status_archived" time="0.050" /><testcase classname="backend.tests.test_departments_module.TestDepartmentsCRUD" name="test_create_department" time="0.056" /><testcase classname="backend.tests.test_departments_module.TestDepartmentsCRUD" name="test_get_department" time="0.052" /><testcase classname="backend.tests.test_departments_module.TestDepartmentsCRUD" name="test_update_department" time="0.106" /><testcase classname="backend.tests.test_departments_module.TestDepartmentsCRUD" name="test_archive_department" time="0.107" /><testcase classname="backend.tests.test_departments_module.TestDepartmentsCRUD" name="test_unarchive_department" time="0.113" /><testcase classname="backend.tests.test_departments_module.TestDepartmentMembers" name="test_get_members_list_for_selection" time="0.166" /><testcase classname="backend.tests.test_departments_module.TestDepartmentMembers" name="test_add_members_to_department" time="0.155" /><testcase classname="backend.tests.test_departments_module.TestDepartmentMembers" name="test_add_duplicate_member_no_duplicate" time="0.208" /><testcase classname="backend.tests.test_departments_module.TestDepartmentMembers" name="test_get_department_members" time="0.248" /><testcase classname="backend.tests.test_departments_module.TestDepartmentMembers" name="test_remove_member_from_department" time="0.273" /><testcase classname="backend.tests.test_departments_module.TestDepartmentDashboard" name="test_dashboard_includes_departments" time="0.053" /><testcase classname="backend.tests.test_departments_module.TestMigration" name="test_migration_endpoint" time="0.051" /><testcase classname="backend.tests.test_departments_module.TestDeleteDepartment" name="test_delete_department" time="0.102" /><testcase classname="backend.tests.test_departments_module.TestCleanup" name="test_cleanup_test_departments" time="0.052" /></testsuite></testsuites>