<?xml version="1.0" encoding="utf-8"?><testsuites name="pytest tests"><testsuite name="pytest" errors="33" failures="0" skipped="0" tests="34" time="0.898" timestamp="2026-02-28T16:31:07.907600+00:00" hostname="agent-env-c887bc33-cc18-459b-80ba-ec5cd889ec46"><testcase classname="backend.tests.test_ensino_module.TestEscolas" name="test_01_create_escola" time="0.444"><error message="failed on setup with &quot;AssertionError: No access_token in response: {'token': 'eyJhbGciOiJIUzI1NiIsInR5cCI6IkpXVCJ9.eyJ1c2VyX2lkIjoiYTRiNmViN2EtODliZi00MmEyLWE4ZmQtYjRhNDM5MzFjZGQ0IiwiZW1haWwiOiJhZG1pbi50ZXN0ZS4xNTQwMTdAdGVzdGUuY29tIiwicm9sZSI6ImFkbWluX2NodXJjaCIsInRlbmFudF9pZCI6IjFmZmJiYTY2LWQ0ZjktNGVmZS04ZTc5LTU5ZGZmMWU5NTI4NSIsImV4cCI6MTc3MjM4MjY2OH0.Xue89pQj6Atdqum_RdifSyE2HvgN3jpeAzzppv35-rw', 'user': {'id': 'a4b6eb7a-89bf-42a2-a8fd-b4a43931cdd4', 'email': 'admin.teste.154017@teste.com', 'name': 'Admin Teste', 'role': 'admin_church', 'tenant_id': '1ffbba66-d4f9-4efe-8e79-59dff1e95285'}}&#10;assert 'access_token' in {'token': 'eyJhbGciOiJIUzI1NiIsInR5cCI6IkpXVCJ9.eyJ1c2VyX2lkIjoiYTRiNmViN2EtODliZi00MmEyLWE4ZmQtYjRhNDM5MzFjZGQ0IiwiZW1haWwiOiJhZG1pbi50ZXN0ZS4xNTQwMTdAdGVzdGUuY29tIiwicm9sZSI6ImFkbWluX2NodXJjaCIsInRlbmFudF9pZCI6IjFmZmJiYTY2LWQ0ZjktNGVmZS04ZTc5LTU5ZGZmMWU5NTI4NSIsImV4cCI6MTc3MjM4MjY2OH0.Xue89pQj6Atdqum_RdifSyE2HvgN3jpeAzzppv35-rw', 'user': {'email': 'admin.teste.154017@teste.com', 'id': 'a4b6eb7a-89bf-42a2-a8fd-b4a43931cdd4', 'name': 'Admin Teste', 'role': 'admin_church', ...}}&quot;">backend/tests/test_ensino_module.py:34: in auth_token
    assert "access_token" in data, f"No access_token in response: {data}"
E   AssertionError: No access_token in response: {'token': 'eyJhbGciOiJIUzI1NiIsInR5cCI6IkpXVCJ9.eyJ1c2VyX2lkIjoiYTRiNmViN2EtODliZi00MmEyLWE4ZmQtYjRhNDM5MzFjZGQ0IiwiZW1haWwiOiJhZG1pbi50ZXN0ZS4xNTQwMTdAdGVzdGUuY29tIiwicm9sZSI6ImFkbWluX2NodXJjaCIsInRlbmFudF9pZCI6IjFmZmJiYTY2LWQ0ZjktNGVmZS04ZTc5LTU5ZGZmMWU5NTI4NSIsImV4cCI6MTc3MjM4MjY2OH0.Xue89pQj6Atdqum_RdifSyE2HvgN3jpeAzzppv35-rw', 'user': {'id': 'a4b6eb7a-89bf-42a2-a8fd-b4a43931cdd4', 'email': 'admin.teste.154017@teste.com', 'name': 'Admin Teste', 'role': 'admin_church', 'tenant_id': '1ffbba66-d4f9-4efe-8e79-59dff1e95285'}}
E   assert 'access_token' in {'token': 'eyJhbGciOiJIUzI1NiIsInR5cCI6IkpXVCJ9.eyJ1c2VyX2lkIjoiYTRiNmViN2EtODliZi00MmEyLWE4ZmQtYjRhNDM5MzFjZGQ0IiwiZW1haWwiOiJhZG1pbi50ZXN0ZS4xNTQwMTdAdGVzdGUuY29tIiwicm9sZSI6ImFkbWluX2NodXJjaCIsInRlbmFudF9pZCI6IjFmZmJiYTY2LWQ0ZjktNGVmZS04ZTc5LTU5ZGZmMWU5NTI4NSIsImV4cCI6MTc3MjM4MjY2OH0.Xue89pQj6Atdqum_RdifSyE2HvgN3jpeAzzppv35-rw', 'user': {'email': 'admin.teste.154017@teste.com', 'id': 'a4b6eb7a-89bf-42a2-a8fd-b4a43931cdd4', 'name': 'Admin Teste', 'role': 'admin_church', ...}}</error></testcase><testcase classname="backend.tests.test_ensino_module.TestEscolas" name="test_02_list_escolas" time="0.000"><error message="failed on setup with &quot;AssertionError: No access_token in response: {'token': 'eyJhbGciOiJIUzI1NiIsInR5cCI6IkpXVCJ9.eyJ1c2VyX2lkIjoiYTRiNmViN2EtODliZi00MmEyLWE4ZmQtYjRhNDM5MzFjZGQ0IiwiZW1haWwiOiJhZG1pbi50ZXN0ZS4xNTQwMTdAdGVzdGUuY29tIiwicm9sZSI6ImFkbWluX2NodXJjaCIsInRlbmFudF9pZCI6IjFmZmJiYTY2LWQ0ZjktNGVmZS04ZTc5LTU5ZGZmMWU5NTI4NSIsImV4cCI6MTc3MjM4MjY2OH0.Xue89pQj6Atdqum_RdifSyE2HvgN3jpeAzzppv35-rw', 'user': {'id': 'a4b6eb7a-89bf-42a2-a8fd-b4a43931cdd4', 'email': 'admin.teste.154017@teste.com', 'name': 'Admin Teste', 'role': 'admin_church', 'tenant_id': '1ffbba66-d4f9-4efe-8e79-59dff1e95285'}}&#10;assert 'access_token' in {'token': 'eyJhbGciOiJIUzI1NiIsInR5cCI6IkpXVCJ9.eyJ1c2VyX2lkIjoiYTRiNmViN2EtODliZi00MmEyLWE4ZmQtYjRhNDM5MzFjZGQ0IiwiZW1haWwiOiJhZG1pbi50ZXN0ZS4xNTQwMTdAdGVzdGUuY29tIiwicm9sZSI6ImFkbWluX2NodXJjaCIsInRlbmFudF9pZCI6IjFmZmJiYTY2LWQ0ZjktNGVmZS04ZTc5LTU5ZGZmMWU5NTI4NSIsImV4cCI6MTc3MjM4MjY2OH0.Xue89pQj6Atdqum_RdifSyE2HvgN3jpeAzzppv35-rw', 'user': {'email': 'admin.teste.154017@teste.com', 'id': 'a4b6eb7a-89bf-42a2-a8fd-b4a43931cdd4', 'name': 'Admin Teste', 'role': 'admin_church', ...}}&quot;">backend/tests/test_ensino_module.py:34: in auth_token
    assert "access_token" in data, f"No access_token in response: {data}"
E   AssertionError: No access_token in response: {'token': 'eyJhbGciOiJIUzI1NiIsInR5cCI6IkpXVCJ9.eyJ1c2VyX2lkIjoiYTRiNmViN2EtODliZi00MmEyLWE4ZmQtYjRhNDM5MzFjZGQ0IiwiZW1haWwiOiJhZG1pbi50ZXN0ZS4xNTQwMTdAdGVzdGUuY29tIiwicm9sZSI6ImFkbWluX2NodXJjaCIsInRlbmFudF9pZCI6IjFmZmJiYTY2LWQ0ZjktNGVmZS04ZTc5LTU5ZGZmMWU5NTI4NSIsImV4cCI6MTc3MjM4MjY2OH0.Xue89pQj6Atdqum_RdifSyE2HvgN3jpeAzzppv35-rw', 'user': {'id': 'a4b6eb7a-89bf-42a2-a8fd-b4a43931cdd4', 'email': 'admin.teste.154017@teste.com', 'name': 'Admin Teste', 'role': 'admin_church', 'tenant_id': '1ffbba66-d4f9-4efe-8e79-59dff1e95285'}}
E   assert 'access_token' in {'token': 'eyJhbGciOiJIUzI1NiIsInR5cCI6IkpXVCJ9.eyJ1c2VyX2lkIjoiYTRiNmViN2EtODliZi00MmEyLWE4ZmQtYjRhNDM5MzFjZGQ0IiwiZW1haWwiOiJhZG1pbi50ZXN0ZS4xNTQwMTdAdGVzdGUuY29tIiwicm9sZSI6ImFkbWluX2NodXJjaCIsInRlbmFudF9pZCI6IjFmZmJiYTY2LWQ0ZjktNGVmZS04ZTc5LTU5ZGZmMWU5NTI4NSIsImV4cCI6MTc3MjM4MjY2OH0.Xue89pQj6Atdqum_RdifSyE2HvgN3jpeAzzppv35-rw', 'user': {'email': 'admin.teste.154017@teste.com', 'id': 'a4b6eb7a-89bf-42a2-a8fd-b4a43931cdd4', 'name': 'Admin Teste', 'role': 'admin_church', ...}}</error></testcase><testcase classname="backend.tests.test_ensino_module.TestEscolas" name="test_03_get_escola" time="0.000"><error message="failed on setup with &quot;AssertionError: No access_token in response: {'token': 'eyJhbGciOiJIUzI1NiIsInR5cCI6IkpXVCJ9.eyJ1c2VyX2lkIjoiYTRiNmViN2EtODliZi00MmEyLWE4ZmQtYjRhNDM5MzFjZGQ0IiwiZW1haWwiOiJhZG1pbi50ZXN0ZS4xNTQwMTdAdGVzdGUuY29tIiwicm9sZSI6ImFkbWluX2NodXJjaCIsInRlbmFudF9pZCI6IjFmZmJiYTY2LWQ0ZjktNGVmZS04ZTc5LTU5ZGZmMWU5NTI4NSIsImV4cCI6MTc3MjM4MjY2OH0.Xue89pQj6Atdqum_RdifSyE2HvgN3jpeAzzppv35-rw', 'user': {'id': 'a4b6eb7a-89bf-42a2-a8fd-b4a43931cdd4', 'email': 'admin.teste.154017@teste.com', 'name': 'Admin Teste', 'role': 'admin_church', 'tenant_id': '1ffbba66-d4f9-4efe-8e79-59dff1e95285'}}&#10;assert 'access_token' in {'token': 'eyJhbGciOiJIUzI1NiIsInR5cCI6IkpXVCJ9.eyJ1c2VyX2lkIjoiYTRiNmViN2EtODliZi00MmEyLWE4ZmQtYjRhNDM5MzFjZGQ0IiwiZW1haWwiOiJhZG1pbi50ZXN0ZS4xNTQwMTdAdGVzdGUuY29tIiwicm9sZSI6ImFkbWluX2NodXJjaCIsInRlbmFudF9pZCI6IjFmZmJiYTY2LWQ0ZjktNGVmZS04ZTc5LTU5ZGZmMWU5NTI4NSIsImV4cCI6MTc3MjM4MjY2OH0.Xue89pQj6Atdqum_RdifSyE2HvgN3jpeAzzppv35-rw', 'user': {'email': 'admin.teste.154017@teste.com', 'id': 'a4b6eb7a-89bf-42a2-a8fd-b4a43931cdd4', 'name': 'Admin Teste', 'role': 'admin_church', ...}}&quot;">backend/tests/test_ensino_module.py:34: in auth_token
    assert "access_token" in data, f"No access_token in response: {data}"
E   AssertionError: No access_token in response: {'token': 'eyJhbGciOiJIUzI1NiIsInR5cCI6IkpXVCJ9.eyJ1c2VyX2lkIjoiYTRiNmViN2EtODliZi00MmEyLWE4ZmQtYjRhNDM5MzFjZGQ0IiwiZW1haWwiOiJhZG1pbi50ZXN0ZS4xNTQwMTdAdGVzdGUuY29tIiwicm9sZSI6ImFkbWluX2NodXJjaCIsInRlbmFudF9pZCI6IjFmZmJiYTY2LWQ0ZjktNGVmZS04ZTc5LTU5ZGZmMWU5NTI4NSIsImV4cCI6MTc3MjM4MjY2OH0.Xue89pQj6Atdqum_RdifSyE2HvgN3jpeAzzppv35-rw', 'user': {'id': 'a4b6eb7a-89bf-42a2-a8fd-b4a43931cdd4', 'email': 'admin.teste.154017@teste.com', 'name': 'Admin Teste', 'role': 'admin_church', 'tenant_id': '1ffbba66-d4f9-4efe-8e79-59dff1e95285'}}
E   assert 'access_token' in {'token': 'eyJhbGciOiJIUzI1NiIsInR5cCI6IkpXVCJ9.eyJ1c2VyX2lkIjoiYTRiNmViN2EtODliZi00MmEyLWE4ZmQtYjRhNDM5MzFjZGQ0IiwiZW1haWwiOiJhZG1pbi50ZXN0ZS4xNTQwMTdAdGVzdGUuY29tIiwicm9sZSI6ImFkbWluX2NodXJjaCIsInRlbmFudF9pZCI6IjFmZmJiYTY2LWQ0ZjktNGVmZS04ZTc5LTU5ZGZmMWU5NTI4NSIsImV4cCI6MTc3MjM4MjY2OH0.Xue89pQj6Atdqum_RdifSyE2HvgN3jpeAzzppv35-rw', 'user': {'email': 'admin.teste.154017@teste.com', 'id': 'a4b6eb7a-89bf-42a2-a8fd-b4a43931cdd4', 'name': 'Admin Teste', 'role': 'admin_church', ...}}</error></testcase><testcase classname="backend.tests.test_ensino_module.TestEscolas" name="test_04_update_escola" time="0.000"><error message="failed on setup with &quot;AssertionError: No access_token in response: {'token': 'eyJhbGciOiJIUzI1NiIsInR5cCI6IkpXVCJ9.eyJ1c2VyX2lkIjoiYTRiNmViN2EtODliZi00MmEyLWE4ZmQtYjRhNDM5MzFjZGQ0IiwiZW1haWwiOiJhZG1pbi50ZXN0ZS4xNTQwMTdAdGVzdGUuY29tIiwicm9sZSI6ImFkbWluX2NodXJjaCIsInRlbmFudF9pZCI6IjFmZmJiYTY2LWQ0ZjktNGVmZS04ZTc5LTU5ZGZmMWU5NTI4NSIsImV4cCI6MTc3MjM4MjY2OH0.Xue89pQj6Atdqum_RdifSyE2HvgN3jpeAzzppv35-rw', 'user': {'id': 'a4b6eb7a-89bf-42a2-a8fd-b4a43931cdd4', 'email': 'admin.teste.154017@teste.com', 'name': 'Admin Teste', 'role': 'admin_church', 'tenant_id': '1ffbba66-d4f9-4efe-8e79-59dff1e95285'}}&#10;assert 'access_token' in {'token': 'eyJhbGciOiJIUzI1NiIsInR5cCI6IkpXVCJ9.eyJ1c2VyX2lkIjoiYTRiNmViN2EtODliZi00MmEyLWE4ZmQtYjRhNDM5MzFjZGQ0IiwiZW1haWwiOiJhZG1pbi50ZXN0ZS4xNTQwMTdAdGVzdGUuY29tIiwicm9sZSI6ImFkbWluX2NodXJjaCIsInRlbmFudF9pZCI6IjFmZmJiYTY2LWQ0ZjktNGVmZS04ZTc5LTU5ZGZmMWU5NTI4NSIsImV4cCI6MTc3MjM4MjY2OH0.Xue89pQj6Atdqum_RdifSyE2HvgN3jpeAzzppv35-rw', 'user': {'email': 'admin.teste.154017@teste.com', 'id': 'a4b6eb7a-89bf-42a2-a8fd-b4a43931cdd4', 'name': 'Admin Teste', 'role': 'admin_church', ...}}&quot;">backend/tests/test_ensino_module.py:34: in auth_token
    assert "access_token" in data, f"No access_token in response: {data}"
E   AssertionError: No access_token in response: {'token': 'eyJhbGciOiJIUzI1NiIsInR5cCI6IkpXVCJ9.eyJ1c2VyX2lkIjoiYTRiNmViN2EtODliZi00MmEyLWE4ZmQtYjRhNDM5MzFjZGQ0IiwiZW1haWwiOiJhZG1pbi50ZXN0ZS4xNTQwMTdAdGVzdGUuY29tIiwicm9sZSI6ImFkbWluX2NodXJjaCIsInRlbmFudF9pZCI6IjFmZmJiYTY2LWQ0ZjktNGVmZS04ZTc5LTU5ZGZmMWU5NTI4NSIsImV4cCI6MTc3MjM4MjY2OH0.Xue89pQj6Atdqum_RdifSyE2HvgN3jpeAzzppv35-rw', 'user': {'id': 'a4b6eb7a-89bf-42a2-a8fd-b4a43931cdd4', 'email': 'admin.teste.154017@teste.com', 'name': 'Admin Teste', 'role': 'admin_church', 'tenant_id': '1ffbba66-d4f9-4efe-8e79-59dff1e95285'}}
E   assert 'access_token' in {'token': 'eyJhbGciOiJIUzI1NiIsInR5cCI6IkpXVCJ9.eyJ1c2VyX2lkIjoiYTRiNmViN2EtODliZi00MmEyLWE4ZmQtYjRhNDM5MzFjZGQ0IiwiZW1haWwiOiJhZG1pbi50ZXN0ZS4xNTQwMTdAdGVzdGUuY29tIiwicm9sZSI6ImFkbWluX2NodXJjaCIsInRlbmFudF9pZCI6IjFmZmJiYTY2LWQ0ZjktNGVmZS04ZTc5LTU5ZGZmMWU5NTI4NSIsImV4cCI6MTc3MjM4MjY2OH0.Xue89pQj6Atdqum_RdifSyE2HvgN3jpeAzzppv35-rw', 'user': {'email': 'admin.teste.154017@teste.com', 'id': 'a4b6eb7a-89bf-42a2-a8fd-b4a43931cdd4', 'name': 'Admin Teste', 'role': 'admin_church', ...}}</error></testcase><testcase classname="backend.tests.test_ensino_module.TestEscolas" name="test_05_search_escolas" time="0.000"><error message="failed on setup with &quot;AssertionError: No access_token in response: {'token': 'eyJhbGciOiJIUzI1NiIsInR5cCI6IkpXVCJ9.eyJ1c2VyX2lkIjoiYTRiNmViN2EtODliZi00MmEyLWE4ZmQtYjRhNDM5MzFjZGQ0IiwiZW1haWwiOiJhZG1pbi50ZXN0ZS4xNTQwMTdAdGVzdGUuY29tIiwicm9sZSI6ImFkbWluX2NodXJjaCIsInRlbmFudF9pZCI6IjFmZmJiYTY2LWQ0ZjktNGVmZS04ZTc5LTU5ZGZmMWU5NTI4NSIsImV4cCI6MTc3MjM4MjY2OH0.Xue89pQj6Atdqum_RdifSyE2HvgN3jpeAzzppv35-rw', 'user': {'id': 'a4b6eb7a-89bf-42a2-a8fd-b4a43931cdd4', 'email': 'admin.teste.154017@teste.com', 'name': 'Admin Teste', 'role': 'admin_church', 'tenant_id': '1ffbba66-d4f9-4efe-8e79-59dff1e95285'}}&#10;assert 'access_token' in {'token': 'eyJhbGciOiJIUzI1NiIsInR5cCI6IkpXVCJ9.eyJ1c2VyX2lkIjoiYTRiNmViN2EtODliZi00MmEyLWE4ZmQtYjRhNDM5MzFjZGQ0IiwiZW1haWwiOiJhZG1pbi50ZXN0ZS4xNTQwMTdAdGVzdGUuY29tIiwicm9sZSI6ImFkbWluX2NodXJjaCIsInRlbmFudF9pZCI6IjFmZmJiYTY2LWQ0ZjktNGVmZS04ZTc5LTU5ZGZmMWU5NTI4NSIsImV4cCI6MTc3MjM4MjY2OH0.Xue89pQj6Atdqum_RdifSyE2HvgN3jpeAzzppv35-rw', 'user': {'email': 'admin.teste.154017@teste.com', 'id': 'a4b6eb7a-89bf-42a2-a8fd-b4a43931cdd4', 'name': 'Admin Teste', 'role': 'admin_church', ...}}&quot;">backend/tests/test_ensino_module.py:34: in auth_token
    assert "access_token" in data, f"No access_token in response: {data}"
E   AssertionError: No access_token in response: {'token': 'eyJhbGciOiJIUzI1NiIsInR5cCI6IkpXVCJ9.eyJ1c2VyX2lkIjoiYTRiNmViN2EtODliZi00MmEyLWE4ZmQtYjRhNDM5MzFjZGQ0IiwiZW1haWwiOiJhZG1pbi50ZXN0ZS4xNTQwMTdAdGVzdGUuY29tIiwicm9sZSI6ImFkbWluX2NodXJjaCIsInRlbmFudF9pZCI6IjFmZmJiYTY2LWQ0ZjktNGVmZS04ZTc5LTU5ZGZmMWU5NTI4NSIsImV4cCI6MTc3MjM4MjY2OH0.Xue89pQj6Atdqum_RdifSyE2HvgN3jpeAzzppv35-rw', 'user': {'id': 'a4b6eb7a-89bf-42a2-a8fd-b4a43931cdd4', 'email': 'admin.teste.154017@teste.com', 'name': 'Admin Teste', 'role': 'admin_church', 'tenant_id': '1ffbba66-d4f9-4efe-8e79-59dff1e95285'}}
E   assert 'access_token' in {'token': 'eyJhbGciOiJIUzI1NiIsInR5cCI6IkpXVCJ9.eyJ1c2VyX2lkIjoiYTRiNmViN2EtODliZi00MmEyLWE4ZmQtYjRhNDM5MzFjZGQ0IiwiZW1haWwiOiJhZG1pbi50ZXN0ZS4xNTQwMTdAdGVzdGUuY29tIiwicm9sZSI6ImFkbWluX2NodXJjaCIsInRlbmFudF9pZCI6IjFmZmJiYTY2LWQ0ZjktNGVmZS04ZTc5LTU5ZGZmMWU5NTI4NSIsImV4cCI6MTc3MjM4MjY2OH0.Xue89pQj6Atdqum_RdifSyE2HvgN3jpeAzzppv35-rw', 'user': {'email': 'admin.teste.154017@teste.com', 'id': 'a4b6eb7a-89bf-42a2-a8fd-b4a43931cdd4', 'name': 'Admin Teste', 'role': 'admin_church', ...}}</error></testcase><testcase classname="backend.tests.test_ensino_module.TestTurmas" name="test_01_create_turma" time="0.000"><error message="failed on setup with &quot;AssertionError: No access_token in response: {'token': 'eyJhbGciOiJIUzI1NiIsInR5cCI6IkpXVCJ9.eyJ1c2VyX2lkIjoiYTRiNmViN2EtODliZi00MmEyLWE4ZmQtYjRhNDM5MzFjZGQ0IiwiZW1haWwiOiJhZG1pbi50ZXN0ZS4xNTQwMTdAdGVzdGUuY29tIiwicm9sZSI6ImFkbWluX2NodXJjaCIsInRlbmFudF9pZCI6IjFmZmJiYTY2LWQ0ZjktNGVmZS04ZTc5LTU5ZGZmMWU5NTI4NSIsImV4cCI6MTc3MjM4MjY2OH0.Xue89pQj6Atdqum_RdifSyE2HvgN3jpeAzzppv35-rw', 'user': {'id': 'a4b6eb7a-89bf-42a2-a8fd-b4a43931cdd4', 'email': 'admin.teste.154017@teste.com', 'name': 'Admin Teste', 'role': 'admin_church', 'tenant_id': '1ffbba66-d4f9-4efe-8e79-59dff1e95285'}}&#10;assert 'access_token' in {'token': 'eyJhbGciOiJIUzI1NiIsInR5cCI6IkpXVCJ9.eyJ1c2VyX2lkIjoiYTRiNmViN2EtODliZi00MmEyLWE4ZmQtYjRhNDM5MzFjZGQ0IiwiZW1haWwiOiJhZG1pbi50ZXN0ZS4xNTQwMTdAdGVzdGUuY29tIiwicm9sZSI6ImFkbWluX2NodXJjaCIsInRlbmFudF9pZCI6IjFmZmJiYTY2LWQ0ZjktNGVmZS04ZTc5LTU5ZGZmMWU5NTI4NSIsImV4cCI6MTc3MjM4MjY2OH0.Xue89pQj6Atdqum_RdifSyE2HvgN3jpeAzzppv35-rw', 'user': {'email': 'admin.teste.154017@teste.com', 'id': 'a4b6eb7a-89bf-42a2-a8fd-b4a43931cdd4', 'name': 'Admin Teste', 'role': 'admin_church', ...}}&quot;">backend/tests/test_ensino_module.py:34: in auth_token
    assert "access_token" in data, f"No access_token in response: {data}"
E   AssertionError: No access_token in response: {'token': 'eyJhbGciOiJIUzI1NiIsInR5cCI6IkpXVCJ9.eyJ1c2VyX2lkIjoiYTRiNmViN2EtODliZi00MmEyLWE4ZmQtYjRhNDM5MzFjZGQ0IiwiZW1haWwiOiJhZG1pbi50ZXN0ZS4xNTQwMTdAdGVzdGUuY29tIiwicm9sZSI6ImFkbWluX2NodXJjaCIsInRlbmFudF9pZCI6IjFmZmJiYTY2LWQ0ZjktNGVmZS04ZTc5LTU5ZGZmMWU5NTI4NSIsImV4cCI6MTc3MjM4MjY2OH0.Xue89pQj6Atdqum_RdifSyE2HvgN3jpeAzzppv35-rw', 'user': {'id': 'a4b6eb7a-89bf-42a2-a8fd-b4a43931cdd4', 'email': 'admin.teste.154017@teste.com', 'name': 'Admin Teste', 'role': 'admin_church', 'tenant_id': '1ffbba66-d4f9-4efe-8e79-59dff1e95285'}}
E   assert 'access_token' in {'token': 'eyJhbGciOiJIUzI1NiIsInR5cCI6IkpXVCJ9.eyJ1c2VyX2lkIjoiYTRiNmViN2EtODliZi00MmEyLWE4ZmQtYjRhNDM5MzFjZGQ0IiwiZW1haWwiOiJhZG1pbi50ZXN0ZS4xNTQwMTdAdGVzdGUuY29tIiwicm9sZSI6ImFkbWluX2NodXJjaCIsInRlbmFudF9pZCI6IjFmZmJiYTY2LWQ0ZjktNGVmZS04ZTc5LTU5ZGZmMWU5NTI4NSIsImV4cCI6MTc3MjM4MjY2OH0.Xue89pQj6Atdqum_RdifSyE2HvgN3jpeAzzppv35-rw', 'user': {'email': 'admin.teste.154017@teste.com', 'id': 'a4b6eb7a-89bf-42a2-a8fd-b4a43931cdd4', 'name': 'Admin Teste', 'role': 'admin_church', ...}}</error></testcase><testcase classname="backend.tests.test_ensino_module.TestTurmas" name="test_02_list_turmas" time="0.000"><error message="failed on setup with &quot;AssertionError: No access_token in response: {'token': 'eyJhbGciOiJIUzI1NiIsInR5cCI6IkpXVCJ9.eyJ1c2VyX2lkIjoiYTRiNmViN2EtODliZi00MmEyLWE4ZmQtYjRhNDM5MzFjZGQ0IiwiZW1haWwiOiJhZG1pbi50ZXN0ZS4xNTQwMTdAdGVzdGUuY29tIiwicm9sZSI6ImFkbWluX2NodXJjaCIsInRlbmFudF9pZCI6IjFmZmJiYTY2LWQ0ZjktNGVmZS04ZTc5LTU5ZGZmMWU5NTI4NSIsImV4cCI6MTc3MjM4MjY2OH0.Xue89pQj6Atdqum_RdifSyE2HvgN3jpeAzzppv35-rw', 'user': {'id': 'a4b6eb7a-89bf-42a2-a8fd-b4a43931cdd4', 'email': 'admin.teste.154017@teste.com', 'name': 'Admin Teste', 'role': 'admin_church', 'tenant_id': '1ffbba66-d4f9-4efe-8e79-59dff1e95285'}}&#10;assert 'access_token' in {'token': 'eyJhbGciOiJIUzI1NiIsInR5cCI6IkpXVCJ9.eyJ1c2VyX2lkIjoiYTRiNmViN2EtODliZi00MmEyLWE4ZmQtYjRhNDM5MzFjZGQ0IiwiZW1haWwiOiJhZG1pbi50ZXN0ZS4xNTQwMTdAdGVzdGUuY29tIiwicm9sZSI6ImFkbWluX2NodXJjaCIsInRlbmFudF9pZCI6IjFmZmJiYTY2LWQ0ZjktNGVmZS04ZTc5LTU5ZGZmMWU5NTI4NSIsImV4cCI6MTc3MjM4MjY2OH0.Xue89pQj6Atdqum_RdifSyE2HvgN3jpeAzzppv35-rw', 'user': {'email': 'admin.teste.154017@teste.com', 'id': 'a4b6eb7a-89bf-42a2-a8fd-b4a43931cdd4', 'name': 'Admin Teste', 'role': 'admin_church', ...}}&quot;">backend/tests/test_ensino_module.py:34: in auth_token
    assert "access_token" in data, f"No access_token in response: {data}"
E   AssertionError: No access_token in response: {'token': 'eyJhbGciOiJIUzI1NiIsInR5cCI6IkpXVCJ9.eyJ1c2VyX2lkIjoiYTRiNmViN2EtODliZi00MmEyLWE4ZmQtYjRhNDM5MzFjZGQ0IiwiZW1haWwiOiJhZG1pbi50ZXN0ZS4xNTQwMTdAdGVzdGUuY29tIiwicm9sZSI6ImFkbWluX2NodXJjaCIsInRlbmFudF9pZCI6IjFmZmJiYTY2LWQ0ZjktNGVmZS04ZTc5LTU5ZGZmMWU5NTI4NSIsImV4cCI6MTc3MjM4MjY2OH0.Xue89pQj6Atdqum_RdifSyE2HvgN3jpeAzzppv35-rw', 'user': {'id': 'a4b6eb7a-89bf-42a2-a8fd-b4a43931cdd4', 'email': 'admin.teste.154017@teste.com', 'name': 'Admin Teste', 'role': 'admin_church', 'tenant_id': '1ffbba66-d4f9-4efe-8e79-59dff1e95285'}}
E   assert 'access_token' in {'token': 'eyJhbGciOiJIUzI1NiIsInR5cCI6IkpXVCJ9.eyJ1c2VyX2lkIjoiYTRiNmViN2EtODliZi00MmEyLWE4ZmQtYjRhNDM5MzFjZGQ0IiwiZW1haWwiOiJhZG1pbi50ZXN0ZS4xNTQwMTdAdGVzdGUuY29tIiwicm9sZSI6ImFkbWluX2NodXJjaCIsInRlbmFudF9pZCI6IjFmZmJiYTY2LWQ0ZjktNGVmZS04ZTc5LTU5ZGZmMWU5NTI4NSIsImV4cCI6MTc3MjM4MjY2OH0.Xue89pQj6Atdqum_RdifSyE2HvgN3jpeAzzppv35-rw', 'user': {'email': 'admin.teste.154017@teste.com', 'id': 'a4b6eb7a-89bf-42a2-a8fd-b4a43931cdd4', 'name': 'Admin Teste', 'role': 'admin_church', ...}}</error></testcase><testcase classname="backend.tests.test_ensino_module.TestTurmas" name="test_03_list_turmas_with_filters" time="0.000"><error message="failed on setup with &quot;AssertionError: No access_token in response: {'token': 'eyJhbGciOiJIUzI1NiIsInR5cCI6IkpXVCJ9.eyJ1c2VyX2lkIjoiYTRiNmViN2EtODliZi00MmEyLWE4ZmQtYjRhNDM5MzFjZGQ0IiwiZW1haWwiOiJhZG1pbi50ZXN0ZS4xNTQwMTdAdGVzdGUuY29tIiwicm9sZSI6ImFkbWluX2NodXJjaCIsInRlbmFudF9pZCI6IjFmZmJiYTY2LWQ0ZjktNGVmZS04ZTc5LTU5ZGZmMWU5NTI4NSIsImV4cCI6MTc3MjM4MjY2OH0.Xue89pQj6Atdqum_RdifSyE2HvgN3jpeAzzppv35-rw', 'user': {'id': 'a4b6eb7a-89bf-42a2-a8fd-b4a43931cdd4', 'email': 'admin.teste.154017@teste.com', 'name': 'Admin Teste', 'role': 'admin_church', 'tenant_id': '1ffbba66-d4f9-4efe-8e79-59dff1e95285'}}&#10;assert 'access_token' in {'token': 'eyJhbGciOiJIUzI1NiIsInR5cCI6IkpXVCJ9.eyJ1c2VyX2lkIjoiYTRiNmViN2EtODliZi00MmEyLWE4ZmQtYjRhNDM5MzFjZGQ0IiwiZW1haWwiOiJhZG1pbi50ZXN0ZS4xNTQwMTdAdGVzdGUuY29tIiwicm9sZSI6ImFkbWluX2NodXJjaCIsInRlbmFudF9pZCI6IjFmZmJiYTY2LWQ0ZjktNGVmZS04ZTc5LTU5ZGZmMWU5NTI4NSIsImV4cCI6MTc3MjM4MjY2OH0.Xue89pQj6Atdqum_RdifSyE2HvgN3jpeAzzppv35-rw', 'user': {'email': 'admin.teste.154017@teste.com', 'id': 'a4b6eb7a-89bf-42a2-a8fd-b4a43931cdd4', 'name': 'Admin Teste', 'role': 'admin_church', ...}}&quot;">backend/tests/test_ensino_module.py:34: in auth_token
    assert "access_token" in data, f"No access_token in response: {data}"
E   AssertionError: No access_token in response: {'token': 'eyJhbGciOiJIUzI1NiIsInR5cCI6IkpXVCJ9.eyJ1c2VyX2lkIjoiYTRiNmViN2EtODliZi00MmEyLWE4ZmQtYjRhNDM5MzFjZGQ0IiwiZW1haWwiOiJhZG1pbi50ZXN0ZS4xNTQwMTdAdGVzdGUuY29tIiwicm9sZSI6ImFkbWluX2NodXJjaCIsInRlbmFudF9pZCI6IjFmZmJiYTY2LWQ0ZjktNGVmZS04ZTc5LTU5ZGZmMWU5NTI4NSIsImV4cCI6MTc3MjM4MjY2OH0.Xue89pQj6Atdqum_RdifSyE2HvgN3jpeAzzppv35-rw', 'user': {'id': 'a4b6eb7a-89bf-42a2-a8fd-b4a43931cdd4', 'email': 'admin.teste.154017@teste.com', 'name': 'Admin Teste', 'role': 'admin_church', 'tenant_id': '1ffbba66-d4f9-4efe-8e79-59dff1e95285'}}
E   assert 'access_token' in {'token': 'eyJhbGciOiJIUzI1NiIsInR5cCI6IkpXVCJ9.eyJ1c2VyX2lkIjoiYTRiNmViN2EtODliZi00MmEyLWE4ZmQtYjRhNDM5MzFjZGQ0IiwiZW1haWwiOiJhZG1pbi50ZXN0ZS4xNTQwMTdAdGVzdGUuY29tIiwicm9sZSI6ImFkbWluX2NodXJjaCIsInRlbmFudF9pZCI6IjFmZmJiYTY2LWQ0ZjktNGVmZS04ZTc5LTU5ZGZmMWU5NTI4NSIsImV4cCI6MTc3MjM4MjY2OH0.Xue89pQj6Atdqum_RdifSyE2HvgN3jpeAzzppv35-rw', 'user': {'email': 'admin.teste.154017@teste.com', 'id': 'a4b6eb7a-89bf-42a2-a8fd-b4a43931cdd4', 'name': 'Admin Teste', 'role': 'admin_church', ...}}</error></testcase><testcase classname="backend.tests.test_ensino_module.TestTurmas" name="test_04_get_turma_detail" time="0.000"><error message="failed on setup with &quot;AssertionError: No access_token in response: {'token': 'eyJhbGciOiJIUzI1NiIsInR5cCI6IkpXVCJ9.eyJ1c2VyX2lkIjoiYTRiNmViN2EtODliZi00MmEyLWE4ZmQtYjRhNDM5MzFjZGQ0IiwiZW1haWwiOiJhZG1pbi50ZXN0ZS4xNTQwMTdAdGVzdGUuY29tIiwicm9sZSI6ImFkbWluX2NodXJjaCIsInRlbmFudF9pZCI6IjFmZmJiYTY2LWQ0ZjktNGVmZS04ZTc5LTU5ZGZmMWU5NTI4NSIsImV4cCI6MTc3MjM4MjY2OH0.Xue89pQj6Atdqum_RdifSyE2HvgN3jpeAzzppv35-rw', 'user': {'id': 'a4b6eb7a-89bf-42a2-a8fd-b4a43931cdd4', 'email': 'admin.teste.154017@teste.com', 'name': 'Admin Teste', 'role': 'admin_church', 'tenant_id': '1ffbba66-d4f9-4efe-8e79-59dff1e95285'}}&#10;assert 'access_token' in {'token': 'eyJhbGciOiJIUzI1NiIsInR5cCI6IkpXVCJ9.eyJ1c2VyX2lkIjoiYTRiNmViN2EtODliZi00MmEyLWE4ZmQtYjRhNDM5MzFjZGQ0IiwiZW1haWwiOiJhZG1pbi50ZXN0ZS4xNTQwMTdAdGVzdGUuY29tIiwicm9sZSI6ImFkbWluX2NodXJjaCIsInRlbmFudF9pZCI6IjFmZmJiYTY2LWQ0ZjktNGVmZS04ZTc5LTU5ZGZmMWU5NTI4NSIsImV4cCI6MTc3MjM4MjY2OH0.Xue89pQj6Atdqum_RdifSyE2HvgN3jpeAzzppv35-rw', 'user': {'email': 'admin.teste.154017@teste.com', 'id': 'a4b6eb7a-89bf-42a2-a8fd-b4a43931cdd4', 'name': 'Admin Teste', 'role': 'admin_church', ...}}&quot;">backend/tests/test_ensino_module.py:34: in auth_token
    assert "access_token" in data, f"No access_token in response: {data}"
E   AssertionError: No access_token in response: {'token': 'eyJhbGciOiJIUzI1NiIsInR5cCI6IkpXVCJ9.eyJ1c2VyX2lkIjoiYTRiNmViN2EtODliZi00MmEyLWE4ZmQtYjRhNDM5MzFjZGQ0IiwiZW1haWwiOiJhZG1pbi50ZXN0ZS4xNTQwMTdAdGVzdGUuY29tIiwicm9sZSI6ImFkbWluX2NodXJjaCIsInRlbmFudF9pZCI6IjFmZmJiYTY2LWQ0ZjktNGVmZS04ZTc5LTU5ZGZmMWU5NTI4NSIsImV4cCI6MTc3MjM4MjY2OH0.Xue89pQj6Atdqum_RdifSyE2HvgN3jpeAzzppv35-rw', 'user': {'id': 'a4b6eb7a-89bf-42a2-a8fd-b4a43931cdd4', 'email': 'admin.teste.154017@teste.com', 'name': 'Admin Teste', 'role': 'admin_church', 'tenant_id': '1ffbba66-d4f9-4efe-8e79-59dff1e95285'}}
E   assert 'access_token' in {'token': 'eyJhbGciOiJIUzI1NiIsInR5cCI6IkpXVCJ9.eyJ1c2VyX2lkIjoiYTRiNmViN2EtODliZi00MmEyLWE4ZmQtYjRhNDM5MzFjZGQ0IiwiZW1haWwiOiJhZG1pbi50ZXN0ZS4xNTQwMTdAdGVzdGUuY29tIiwicm9sZSI6ImFkbWluX2NodXJjaCIsInRlbmFudF9pZCI6IjFmZmJiYTY2LWQ0ZjktNGVmZS04ZTc5LTU5ZGZmMWU5NTI4NSIsImV4cCI6MTc3MjM4MjY2OH0.Xue89pQj6Atdqum_RdifSyE2HvgN3jpeAzzppv35-rw', 'user': {'email': 'admin.teste.154017@teste.com', 'id': 'a4b6eb7a-89bf-42a2-a8fd-b4a43931cdd4', 'name': 'Admin Teste', 'role': 'admin_church', ...}}</error></testcase><testcase classname="backend.tests.test_ensino_module.TestTurmas" name="test_05_update_turma" time="0.000"><error message="failed on setup with &quot;AssertionError: No access_token in response: {'token': 'eyJhbGciOiJIUzI1NiIsInR5cCI6IkpXVCJ9.eyJ1c2VyX2lkIjoiYTRiNmViN2EtODliZi00MmEyLWE4ZmQtYjRhNDM5MzFjZGQ0IiwiZW1haWwiOiJhZG1pbi50ZXN0ZS4xNTQwMTdAdGVzdGUuY29tIiwicm9sZSI6ImFkbWluX2NodXJjaCIsInRlbmFudF9pZCI6IjFmZmJiYTY2LWQ0ZjktNGVmZS04ZTc5LTU5ZGZmMWU5NTI4NSIsImV4cCI6MTc3MjM4MjY2OH0.Xue89pQj6Atdqum_RdifSyE2HvgN3jpeAzzppv35-rw', 'user': {'id': 'a4b6eb7a-89bf-42a2-a8fd-b4a43931cdd4', 'email': 'admin.teste.154017@teste.com', 'name': 'Admin Teste', 'role': 'admin_church', 'tenant_id': '1ffbba66-d4f9-4efe-8e79-59dff1e95285'}}&#10;assert 'access_token' in {'token': 'eyJhbGciOiJIUzI1NiIsInR5cCI6IkpXVCJ9.eyJ1c2VyX2lkIjoiYTRiNmViN2EtODliZi00MmEyLWE4ZmQtYjRhNDM5MzFjZGQ0IiwiZW1haWwiOiJhZG1pbi50ZXN0ZS4xNTQwMTdAdGVzdGUuY29tIiwicm9sZSI6ImFkbWluX2NodXJjaCIsInRlbmFudF9pZCI6IjFmZmJiYTY2LWQ0ZjktNGVmZS04ZTc5LTU5ZGZmMWU5NTI4NSIsImV4cCI6MTc3MjM4MjY2OH0.Xue89pQj6Atdqum_RdifSyE2HvgN3jpeAzzppv35-rw', 'user': {'email': 'admin.teste.154017@teste.com', 'id': 'a4b6eb7a-89bf-42a2-a8fd-b4a43931cdd4', 'name': 'Admin Teste', 'role': 'admin_church', ...}}&quot;">backend/tests/test_ensino_module.py:34: in auth_token
    assert "access_token" in data, f"No access_token in response: {data}"
E   AssertionError: No access_token in response: {'token': 'eyJhbGciOiJIUzI1NiIsInR5cCI6IkpXVCJ9.eyJ1c2VyX2lkIjoiYTRiNmViN2EtODliZi00MmEyLWE4ZmQtYjRhNDM5MzFjZGQ0IiwiZW1haWwiOiJhZG1pbi50ZXN0ZS4xNTQwMTdAdGVzdGUuY29tIiwicm9sZSI6ImFkbWluX2NodXJjaCIsInRlbmFudF9pZCI6IjFmZmJiYTY2LWQ0ZjktNGVmZS04ZTc5LTU5ZGZmMWU5NTI4NSIsImV4cCI6MTc3MjM4MjY2OH0.Xue89pQj6Atdqum_RdifSyE2HvgN3jpeAzzppv35-rw', 'user': {'id': 'a4b6eb7a-89bf-42a2-a8fd-b4a43931cdd4', 'email': 'admin.teste.154017@teste.com', 'name': 'Admin Teste', 'role': 'admin_church', 'tenant_id': '1ffbba66-d4f9-4efe-8e79-59dff1e95285'}}
E   assert 'access_token' in {'token': 'eyJhbGciOiJIUzI1NiIsInR5cCI6IkpXVCJ9.eyJ1c2VyX2lkIjoiYTRiNmViN2EtODliZi00MmEyLWE4ZmQtYjRhNDM5MzFjZGQ0IiwiZW1haWwiOiJhZG1pbi50ZXN0ZS4xNTQwMTdAdGVzdGUuY29tIiwicm9sZSI6ImFkbWluX2NodXJjaCIsInRlbmFudF9pZCI6IjFmZmJiYTY2LWQ0ZjktNGVmZS04ZTc5LTU5ZGZmMWU5NTI4NSIsImV4cCI6MTc3MjM4MjY2OH0.Xue89pQj6Atdqum_RdifSyE2HvgN3jpeAzzppv35-rw', 'user': {'email': 'admin.teste.154017@teste.com', 'id': 'a4b6eb7a-89bf-42a2-a8fd-b4a43931cdd4', 'name': 'Admin Teste', 'role': 'admin_church', ...}}</error></testcase><testcase classname="backend.tests.test_ensino_module.TestTurmas" name="test_06_add_members_to_turma" time="0.000"><error message="failed on setup with &quot;AssertionError: No access_token in response: {'token': 'eyJhbGciOiJIUzI1NiIsInR5cCI6IkpXVCJ9.eyJ1c2VyX2lkIjoiYTRiNmViN2EtODliZi00MmEyLWE4ZmQtYjRhNDM5MzFjZGQ0IiwiZW1haWwiOiJhZG1pbi50ZXN0ZS4xNTQwMTdAdGVzdGUuY29tIiwicm9sZSI6ImFkbWluX2NodXJjaCIsInRlbmFudF9pZCI6IjFmZmJiYTY2LWQ0ZjktNGVmZS04ZTc5LTU5ZGZmMWU5NTI4NSIsImV4cCI6MTc3MjM4MjY2OH0.Xue89pQj6Atdqum_RdifSyE2HvgN3jpeAzzppv35-rw', 'user': {'id': 'a4b6eb7a-89bf-42a2-a8fd-b4a43931cdd4', 'email': 'admin.teste.154017@teste.com', 'name': 'Admin Teste', 'role': 'admin_church', 'tenant_id': '1ffbba66-d4f9-4efe-8e79-59dff1e95285'}}&#10;assert 'access_token' in {'token': 'eyJhbGciOiJIUzI1NiIsInR5cCI6IkpXVCJ9.eyJ1c2VyX2lkIjoiYTRiNmViN2EtODliZi00MmEyLWE4ZmQtYjRhNDM5MzFjZGQ0IiwiZW1haWwiOiJhZG1pbi50ZXN0ZS4xNTQwMTdAdGVzdGUuY29tIiwicm9sZSI6ImFkbWluX2NodXJjaCIsInRlbmFudF9pZCI6IjFmZmJiYTY2LWQ0ZjktNGVmZS04ZTc5LTU5ZGZmMWU5NTI4NSIsImV4cCI6MTc3MjM4MjY2OH0.Xue89pQj6Atdqum_RdifSyE2HvgN3jpeAzzppv35-rw', 'user': {'email': 'admin.teste.154017@teste.com', 'id': 'a4b6eb7a-89bf-42a2-a8fd-b4a43931cdd4', 'name': 'Admin Teste', 'role': 'admin_church', ...}}&quot;">backend/tests/test_ensino_module.py:34: in auth_token
    assert "access_token" in data, f"No access_token in response: {data}"
E   AssertionError: No access_token in response: {'token': 'eyJhbGciOiJIUzI1NiIsInR5cCI6IkpXVCJ9.eyJ1c2VyX2lkIjoiYTRiNmViN2EtODliZi00MmEyLWE4ZmQtYjRhNDM5MzFjZGQ0IiwiZW1haWwiOiJhZG1pbi50ZXN0ZS4xNTQwMTdAdGVzdGUuY29tIiwicm9sZSI6ImFkbWluX2NodXJjaCIsInRlbmFudF9pZCI6IjFmZmJiYTY2LWQ0ZjktNGVmZS04ZTc5LTU5ZGZmMWU5NTI4NSIsImV4cCI6MTc3MjM4MjY2OH0.Xue89pQj6Atdqum_RdifSyE2HvgN3jpeAzzppv35-rw', 'user': {'id': 'a4b6eb7a-89bf-42a2-a8fd-b4a43931cdd4', 'email': 'admin.teste.154017@teste.com', 'name': 'Admin Teste', 'role': 'admin_church', 'tenant_id': '1ffbba66-d4f9-4efe-8e79-59dff1e95285'}}
E   assert 'access_token' in {'token': 'eyJhbGciOiJIUzI1NiIsInR5cCI6IkpXVCJ9.eyJ1c2VyX2lkIjoiYTRiNmViN2EtODliZi00MmEyLWE4ZmQtYjRhNDM5MzFjZGQ0IiwiZW1haWwiOiJhZG1pbi50ZXN0ZS4xNTQwMTdAdGVzdGUuY29tIiwicm9sZSI6ImFkbWluX2NodXJjaCIsInRlbmFudF9pZCI6IjFmZmJiYTY2LWQ0ZjktNGVmZS04ZTc5LTU5ZGZmMWU5NTI4NSIsImV4cCI6MTc3MjM4MjY2OH0.Xue89pQj6Atdqum_RdifSyE2HvgN3jpeAzzppv35-rw', 'user': {'email': 'admin.teste.154017@teste.com', 'id': 'a4b6eb7a-89bf-42a2-a8fd-b4a43931cdd4', 'name': 'Admin Teste', 'role': 'admin_church', ...}}</error></testcase><testcase classname="backend.tests.test_ensino_module.TestTurmas" name="test_07_verify_member_in_turma" time="0.000"><error message="failed on setup with &quot;AssertionError: No access_token in response: {'token': 'eyJhbGciOiJIUzI1NiIsInR5cCI6IkpXVCJ9.eyJ1c2VyX2lkIjoiYTRiNmViN2EtODliZi00MmEyLWE4ZmQtYjRhNDM5MzFjZGQ0IiwiZW1haWwiOiJhZG1pbi50ZXN0ZS4xNTQwMTdAdGVzdGUuY29tIiwicm9sZSI6ImFkbWluX2NodXJjaCIsInRlbmFudF9pZCI6IjFmZmJiYTY2LWQ0ZjktNGVmZS04ZTc5LTU5ZGZmMWU5NTI4NSIsImV4cCI6MTc3MjM4MjY2OH0.Xue89pQj6Atdqum_RdifSyE2HvgN3jpeAzzppv35-rw', 'user': {'id': 'a4b6eb7a-89bf-42a2-a8fd-b4a43931cdd4', 'email': 'admin.teste.154017@teste.com', 'name': 'Admin Teste', 'role': 'admin_church', 'tenant_id': '1ffbba66-d4f9-4efe-8e79-59dff1e95285'}}&#10;assert 'access_token' in {'token': 'eyJhbGciOiJIUzI1NiIsInR5cCI6IkpXVCJ9.eyJ1c2VyX2lkIjoiYTRiNmViN2EtODliZi00MmEyLWE4ZmQtYjRhNDM5MzFjZGQ0IiwiZW1haWwiOiJhZG1pbi50ZXN0ZS4xNTQwMTdAdGVzdGUuY29tIiwicm9sZSI6ImFkbWluX2NodXJjaCIsInRlbmFudF9pZCI6IjFmZmJiYTY2LWQ0ZjktNGVmZS04ZTc5LTU5ZGZmMWU5NTI4NSIsImV4cCI6MTc3MjM4MjY2OH0.Xue89pQj6Atdqum_RdifSyE2HvgN3jpeAzzppv35-rw', 'user': {'email': 'admin.teste.154017@teste.com', 'id': 'a4b6eb7a-89bf-42a2-a8fd-b4a43931cdd4', 'name': 'Admin Teste', 'role': 'admin_church', ...}}&quot;">backend/tests/test_ensino_module.py:34: in auth_token
    assert "access_token" in data, f"No access_token in response: {data}"
E   AssertionError: No access_token in response: {'token': 'eyJhbGciOiJIUzI1NiIsInR5cCI6IkpXVCJ9.eyJ1c2VyX2lkIjoiYTRiNmViN2EtODliZi00MmEyLWE4ZmQtYjRhNDM5MzFjZGQ0IiwiZW1haWwiOiJhZG1pbi50ZXN0ZS4xNTQwMTdAdGVzdGUuY29tIiwicm9sZSI6ImFkbWluX2NodXJjaCIsInRlbmFudF9pZCI6IjFmZmJiYTY2LWQ0ZjktNGVmZS04ZTc5LTU5ZGZmMWU5NTI4NSIsImV4cCI6MTc3MjM4MjY2OH0.Xue89pQj6Atdqum_RdifSyE2HvgN3jpeAzzppv35-rw', 'user': {'id': 'a4b6eb7a-89bf-42a2-a8fd-b4a43931cdd4', 'email': 'admin.teste.154017@teste.com', 'name': 'Admin Teste', 'role': 'admin_church', 'tenant_id': '1ffbba66-d4f9-4efe-8e79-59dff1e95285'}}
E   assert 'access_token' in {'token': 'eyJhbGciOiJIUzI1NiIsInR5cCI6IkpXVCJ9.eyJ1c2VyX2lkIjoiYTRiNmViN2EtODliZi00MmEyLWE4ZmQtYjRhNDM5MzFjZGQ0IiwiZW1haWwiOiJhZG1pbi50ZXN0ZS4xNTQwMTdAdGVzdGUuY29tIiwicm9sZSI6ImFkbWluX2NodXJjaCIsInRlbmFudF9pZCI6IjFmZmJiYTY2LWQ0ZjktNGVmZS04ZTc5LTU5ZGZmMWU5NTI4NSIsImV4cCI6MTc3MjM4MjY2OH0.Xue89pQj6Atdqum_RdifSyE2HvgN3jpeAzzppv35-rw', 'user': {'email': 'admin.teste.154017@teste.com', 'id': 'a4b6eb7a-89bf-42a2-a8fd-b4a43931cdd4', 'name': 'Admin Teste', 'role': 'admin_church', ...}}</error></testcase><testcase classname="backend.tests.test_ensino_module.TestTurmas" name="test_08_add_empty_members_fails" time="0.000"><error message="failed on setup with &quot;AssertionError: No access_token in response: {'token': 'eyJhbGciOiJIUzI1NiIsInR5cCI6IkpXVCJ9.eyJ1c2VyX2lkIjoiYTRiNmViN2EtODliZi00MmEyLWE4ZmQtYjRhNDM5MzFjZGQ0IiwiZW1haWwiOiJhZG1pbi50ZXN0ZS4xNTQwMTdAdGVzdGUuY29tIiwicm9sZSI6ImFkbWluX2NodXJjaCIsInRlbmFudF9pZCI6IjFmZmJiYTY2LWQ0ZjktNGVmZS04ZTc5LTU5ZGZmMWU5NTI4NSIsImV4cCI6MTc3MjM4MjY2OH0.Xue89pQj6Atdqum_RdifSyE2HvgN3jpeAzzppv35-rw', 'user': {'id': 'a4b6eb7a-89bf-42a2-a8fd-b4a43931cdd4', 'email': 'admin.teste.154017@teste.com', 'name': 'Admin Teste', 'role': 'admin_church', 'tenant_id': '1ffbba66-d4f9-4efe-8e79-59dff1e95285'}}&#10;assert 'access_token' in {'token': 'eyJhbGciOiJIUzI1NiIsInR5cCI6IkpXVCJ9.eyJ1c2VyX2lkIjoiYTRiNmViN2EtODliZi00MmEyLWE4ZmQtYjRhNDM5MzFjZGQ0IiwiZW1haWwiOiJhZG1pbi50ZXN0ZS4xNTQwMTdAdGVzdGUuY29tIiwicm9sZSI6ImFkbWluX2NodXJjaCIsInRlbmFudF9pZCI6IjFmZmJiYTY2LWQ0ZjktNGVmZS04ZTc5LTU5ZGZmMWU5NTI4NSIsImV4cCI6MTc3MjM4MjY2OH0.Xue89pQj6Atdqum_RdifSyE2HvgN3jpeAzzppv35-rw', 'user': {'email': 'admin.teste.154017@teste.com', 'id': 'a4b6eb7a-89bf-42a2-a8fd-b4a43931cdd4', 'name': 'Admin Teste', 'role': 'admin_church', ...}}&quot;">backend/tests/test_ensino_module.py:34: in auth_token
    assert "access_token" in data, f"No access_token in response: {data}"
E   AssertionError: No access_token in response: {'token': 'eyJhbGciOiJIUzI1NiIsInR5cCI6IkpXVCJ9.eyJ1c2VyX2lkIjoiYTRiNmViN2EtODliZi00MmEyLWE4ZmQtYjRhNDM5MzFjZGQ0IiwiZW1haWwiOiJhZG1pbi50ZXN0ZS4xNTQwMTdAdGVzdGUuY29tIiwicm9sZSI6ImFkbWluX2NodXJjaCIsInRlbmFudF9pZCI6IjFmZmJiYTY2LWQ0ZjktNGVmZS04ZTc5LTU5ZGZmMWU5NTI4NSIsImV4cCI6MTc3MjM4MjY2OH0.Xue89pQj6Atdqum_RdifSyE2HvgN3jpeAzzppv35-rw', 'user': {'id': 'a4b6eb7a-89bf-42a2-a8fd-b4a43931cdd4', 'email': 'admin.teste.154017@teste.com', 'name': 'Admin Teste', 'role': 'admin_church', 'tenant_id': '1ffbba66-d4f9-4efe-8e79-59dff1e95285'}}
E   assert 'access_token' in {'token': 'eyJhbGciOiJIUzI1NiIsInR5cCI6IkpXVCJ9.eyJ1c2VyX2lkIjoiYTRiNmViN2EtODliZi00MmEyLWE4ZmQtYjRhNDM5MzFjZGQ0IiwiZW1haWwiOiJhZG1pbi50ZXN0ZS4xNTQwMTdAdGVzdGUuY29tIiwicm9sZSI6ImFkbWluX2NodXJjaCIsInRlbmFudF9pZCI6IjFmZmJiYTY2LWQ0ZjktNGVmZS04ZTc5LTU5ZGZmMWU5NTI4NSIsImV4cCI6MTc3MjM4MjY2OH0.Xue89pQj6Atdqum_RdifSyE2HvgN3jpeAzzppv35-rw', 'user': {'email': 'admin.teste.154017@teste.com', 'id': 'a4b6eb7a-89bf-42a2-a8fd-b4a43931cdd4', 'name': 'Admin Teste', 'role': 'admin_church', ...}}</error></testcase><testcase classname="backend.tests.test_ensino_module.TestTurmas" name="test_09_remove_member_from_turma" time="0.000"><error message="failed on setup with &quot;AssertionError: No access_token in response: {'token': 'eyJhbGciOiJIUzI1NiIsInR5cCI6IkpXVCJ9.eyJ1c2VyX2lkIjoiYTRiNmViN2EtODliZi00MmEyLWE4ZmQtYjRhNDM5MzFjZGQ0IiwiZW1haWwiOiJhZG1pbi50ZXN0ZS4xNTQwMTdAdGVzdGUuY29tIiwicm9sZSI6ImFkbWluX2NodXJjaCIsInRlbmFudF9pZCI6IjFmZmJiYTY2LWQ0ZjktNGVmZS04ZTc5LTU5ZGZmMWU5NTI4NSIsImV4cCI6MTc3MjM4MjY2OH0.Xue89pQj6Atdqum_RdifSyE2HvgN3jpeAzzppv35-rw', 'user': {'id': 'a4b6eb7a-89bf-42a2-a8fd-b4a43931cdd4', 'email': 'admin.teste.154017@teste.com', 'name': 'Admin Teste', 'role': 'admin_church', 'tenant_id': '1ffbba66-d4f9-4efe-8e79-59dff1e95285'}}&#10;assert 'access_token' in {'token': 'eyJhbGciOiJIUzI1NiIsInR5cCI6IkpXVCJ9.eyJ1c2VyX2lkIjoiYTRiNmViN2EtODliZi00MmEyLWE4ZmQtYjRhNDM5MzFjZGQ0IiwiZW1haWwiOiJhZG1pbi50ZXN0ZS4xNTQwMTdAdGVzdGUuY29tIiwicm9sZSI6ImFkbWluX2NodXJjaCIsInRlbmFudF9pZCI6IjFmZmJiYTY2LWQ0ZjktNGVmZS04ZTc5LTU5ZGZmMWU5NTI4NSIsImV4cCI6MTc3MjM4MjY2OH0.Xue89pQj6Atdqum_RdifSyE2HvgN3jpeAzzppv35-rw', 'user': {'email': 'admin.teste.154017@teste.com', 'id': 'a4b6eb7a-89bf-42a2-a8fd-b4a43931cdd4', 'name': 'Admin Teste', 'role': 'admin_church', ...}}&quot;">backend/tests/test_ensino_module.py:34: in auth_token
    assert "access_token" in data, f"No access_token in response: {data}"
E   AssertionError: No access_token in response: {'token': 'eyJhbGciOiJIUzI1NiIsInR5cCI6IkpXVCJ9.eyJ1c2VyX2lkIjoiYTRiNmViN2EtODliZi00MmEyLWE4ZmQtYjRhNDM5MzFjZGQ0IiwiZW1haWwiOiJhZG1pbi50ZXN0ZS4xNTQwMTdAdGVzdGUuY29tIiwicm9sZSI6ImFkbWluX2NodXJjaCIsInRlbmFudF9pZCI6IjFmZmJiYTY2LWQ0ZjktNGVmZS04ZTc5LTU5ZGZmMWU5NTI4NSIsImV4cCI6MTc3MjM4MjY2OH0.Xue89pQj6Atdqum_RdifSyE2HvgN3jpeAzzppv35-rw', 'user': {'id': 'a4b6eb7a-89bf-42a2-a8fd-b4a43931cdd4', 'email': 'admin.teste.154017@teste.com', 'name': 'Admin Teste', 'role': 'admin_church', 'tenant_id': '1ffbba66-d4f9-4efe-8e79-59dff1e95285'}}
E   assert 'access_token' in {'token': 'eyJhbGciOiJIUzI1NiIsInR5cCI6IkpXVCJ9.eyJ1c2VyX2lkIjoiYTRiNmViN2EtODliZi00MmEyLWE4ZmQtYjRhNDM5MzFjZGQ0IiwiZW1haWwiOiJhZG1pbi50ZXN0ZS4xNTQwMTdAdGVzdGUuY29tIiwicm9sZSI6ImFkbWluX2NodXJjaCIsInRlbmFudF9pZCI6IjFmZmJiYTY2LWQ0ZjktNGVmZS04ZTc5LTU5ZGZmMWU5NTI4NSIsImV4cCI6MTc3MjM4MjY2OH0.Xue89pQj6Atdqum_RdifSyE2HvgN3jpeAzzppv35-rw', 'user': {'email': 'admin.teste.154017@teste.com', 'id': 'a4b6eb7a-89bf-42a2-a8fd-b4a43931cdd4', 'name': 'Admin Teste', 'role': 'admin_church', ...}}</error></testcase><testcase classname="backend.tests.test_ensino_module.TestTurmas" name="test_10_filter_by_escola" time="0.000"><error message="failed on setup with &quot;AssertionError: No access_token in response: {'token': 'eyJhbGciOiJIUzI1NiIsInR5cCI6IkpXVCJ9.eyJ1c2VyX2lkIjoiYTRiNmViN2EtODliZi00MmEyLWE4ZmQtYjRhNDM5MzFjZGQ0IiwiZW1haWwiOiJhZG1pbi50ZXN0ZS4xNTQwMTdAdGVzdGUuY29tIiwicm9sZSI6ImFkbWluX2NodXJjaCIsInRlbmFudF9pZCI6IjFmZmJiYTY2LWQ0ZjktNGVmZS04ZTc5LTU5ZGZmMWU5NTI4NSIsImV4cCI6MTc3MjM4MjY2OH0.Xue89pQj6Atdqum_RdifSyE2HvgN3jpeAzzppv35-rw', 'user': {'id': 'a4b6eb7a-89bf-42a2-a8fd-b4a43931cdd4', 'email': 'admin.teste.154017@teste.com', 'name': 'Admin Teste', 'role': 'admin_church', 'tenant_id': '1ffbba66-d4f9-4efe-8e79-59dff1e95285'}}&#10;assert 'access_token' in {'token': 'eyJhbGciOiJIUzI1NiIsInR5cCI6IkpXVCJ9.eyJ1c2VyX2lkIjoiYTRiNmViN2EtODliZi00MmEyLWE4ZmQtYjRhNDM5MzFjZGQ0IiwiZW1haWwiOiJhZG1pbi50ZXN0ZS4xNTQwMTdAdGVzdGUuY29tIiwicm9sZSI6ImFkbWluX2NodXJjaCIsInRlbmFudF9pZCI6IjFmZmJiYTY2LWQ0ZjktNGVmZS04ZTc5LTU5ZGZmMWU5NTI4NSIsImV4cCI6MTc3MjM4MjY2OH0.Xue89pQj6Atdqum_RdifSyE2HvgN3jpeAzzppv35-rw', 'user': {'email': 'admin.teste.154017@teste.com', 'id': 'a4b6eb7a-89bf-42a2-a8fd-b4a43931cdd4', 'name': 'Admin Teste', 'role': 'admin_church', ...}}&quot;">backend/tests/test_ensino_module.py:34: in auth_token
    assert "access_token" in data, f"No access_token in response: {data}"
E   AssertionError: No access_token in response: {'token': 'eyJhbGciOiJIUzI1NiIsInR5cCI6IkpXVCJ9.eyJ1c2VyX2lkIjoiYTRiNmViN2EtODliZi00MmEyLWE4ZmQtYjRhNDM5MzFjZGQ0IiwiZW1haWwiOiJhZG1pbi50ZXN0ZS4xNTQwMTdAdGVzdGUuY29tIiwicm9sZSI6ImFkbWluX2NodXJjaCIsInRlbmFudF9pZCI6IjFmZmJiYTY2LWQ0ZjktNGVmZS04ZTc5LTU5ZGZmMWU5NTI4NSIsImV4cCI6MTc3MjM4MjY2OH0.Xue89pQj6Atdqum_RdifSyE2HvgN3jpeAzzppv35-rw', 'user': {'id': 'a4b6eb7a-89bf-42a2-a8fd-b4a43931cdd4', 'email': 'admin.teste.154017@teste.com', 'name': 'Admin Teste', 'role': 'admin_church', 'tenant_id': '1ffbba66-d4f9-4efe-8e79-59dff1e95285'}}
E   assert 'access_token' in {'token': 'eyJhbGciOiJIUzI1NiIsInR5cCI6IkpXVCJ9.eyJ1c2VyX2lkIjoiYTRiNmViN2EtODliZi00MmEyLWE4ZmQtYjRhNDM5MzFjZGQ0IiwiZW1haWwiOiJhZG1pbi50ZXN0ZS4xNTQwMTdAdGVzdGUuY29tIiwicm9sZSI6ImFkbWluX2NodXJjaCIsInRlbmFudF9pZCI6IjFmZmJiYTY2LWQ0ZjktNGVmZS04ZTc5LTU5ZGZmMWU5NTI4NSIsImV4cCI6MTc3MjM4MjY2OH0.Xue89pQj6Atdqum_RdifSyE2HvgN3jpeAzzppv35-rw', 'user': {'email': 'admin.teste.154017@teste.com', 'id': 'a4b6eb7a-89bf-42a2-a8fd-b4a43931cdd4', 'name': 'Admin Teste', 'role': 'admin_church', ...}}</error></testcase><testcase classname="backend.tests.test_ensino_module.TestEstudos" name="test_01_create_estudo" time="0.000"><error message="failed on setup with &quot;AssertionError: No access_token in response: {'token': 'eyJhbGciOiJIUzI1NiIsInR5cCI6IkpXVCJ9.eyJ1c2VyX2lkIjoiYTRiNmViN2EtODliZi00MmEyLWE4ZmQtYjRhNDM5MzFjZGQ0IiwiZW1haWwiOiJhZG1pbi50ZXN0ZS4xNTQwMTdAdGVzdGUuY29tIiwicm9sZSI6ImFkbWluX2NodXJjaCIsInRlbmFudF9pZCI6IjFmZmJiYTY2LWQ0ZjktNGVmZS04ZTc5LTU5ZGZmMWU5NTI4NSIsImV4cCI6MTc3MjM4MjY2OH0.Xue89pQj6Atdqum_RdifSyE2HvgN3jpeAzzppv35-rw', 'user': {'id': 'a4b6eb7a-89bf-42a2-a8fd-b4a43931cdd4', 'email': 'admin.teste.154017@teste.com', 'name': 'Admin Teste', 'role': 'admin_church', 'tenant_id': '1ffbba66-d4f9-4efe-8e79-59dff1e95285'}}&#10;assert 'access_token' in {'token': 'eyJhbGciOiJIUzI1NiIsInR5cCI6IkpXVCJ9.eyJ1c2VyX2lkIjoiYTRiNmViN2EtODliZi00MmEyLWE4ZmQtYjRhNDM5MzFjZGQ0IiwiZW1haWwiOiJhZG1pbi50ZXN0ZS4xNTQwMTdAdGVzdGUuY29tIiwicm9sZSI6ImFkbWluX2NodXJjaCIsInRlbmFudF9pZCI6IjFmZmJiYTY2LWQ0ZjktNGVmZS04ZTc5LTU5ZGZmMWU5NTI4NSIsImV4cCI6MTc3MjM4MjY2OH0.Xue89pQj6Atdqum_RdifSyE2HvgN3jpeAzzppv35-rw', 'user': {'email': 'admin.teste.154017@teste.com', 'id': 'a4b6eb7a-89bf-42a2-a8fd-b4a43931cdd4', 'name': 'Admin Teste', 'role': 'admin_church', ...}}&quot;">backend/tests/test_ensino_module.py:34: in auth_token
    assert "access_token" in data, f"No access_token in response: {data}"
E   AssertionError: No access_token in response: {'token': 'eyJhbGciOiJIUzI1NiIsInR5cCI6IkpXVCJ9.eyJ1c2VyX2lkIjoiYTRiNmViN2EtODliZi00MmEyLWE4ZmQtYjRhNDM5MzFjZGQ0IiwiZW1haWwiOiJhZG1pbi50ZXN0ZS4xNTQwMTdAdGVzdGUuY29tIiwicm9sZSI6ImFkbWluX2NodXJjaCIsInRlbmFudF9pZCI6IjFmZmJiYTY2LWQ0ZjktNGVmZS04ZTc5LTU5ZGZmMWU5NTI4NSIsImV4cCI6MTc3MjM4MjY2OH0.Xue89pQj6Atdqum_RdifSyE2HvgN3jpeAzzppv35-rw', 'user': {'id': 'a4b6eb7a-89bf-42a2-a8fd-b4a43931cdd4', 'email': 'admin.teste.154017@teste.com', 'name': 'Admin Teste', 'role': 'admin_church', 'tenant_id': '1ffbba66-d4f9-4efe-8e79-59dff1e95285'}}
E   assert 'access_token' in {'token': 'eyJhbGciOiJIUzI1NiIsInR5cCI6IkpXVCJ9.eyJ1c2VyX2lkIjoiYTRiNmViN2EtODliZi00MmEyLWE4ZmQtYjRhNDM5MzFjZGQ0IiwiZW1haWwiOiJhZG1pbi50ZXN0ZS4xNTQwMTdAdGVzdGUuY29tIiwicm9sZSI6ImFkbWluX2NodXJjaCIsInRlbmFudF9pZCI6IjFmZmJiYTY2LWQ0ZjktNGVmZS04ZTc5LTU5ZGZmMWU5NTI4NSIsImV4cCI6MTc3MjM4MjY2OH0.Xue89pQj6Atdqum_RdifSyE2HvgN3jpeAzzppv35-rw', 'user': {'email': 'admin.teste.154017@teste.com', 'id': 'a4b6eb7a-89bf-42a2-a8fd-b4a43931cdd4', 'name': 'Admin Teste', 'role': 'admin_church', ...}}</error></testcase><testcase classname="backend.tests.test_ensino_module.TestEstudos" name="test_02_list_estudos" time="0.000"><error message="failed on setup with &quot;AssertionError: No access_token in response: {'token': 'eyJhbGciOiJIUzI1NiIsInR5cCI6IkpXVCJ9.eyJ1c2VyX2lkIjoiYTRiNmViN2EtODliZi00MmEyLWE4ZmQtYjRhNDM5MzFjZGQ0IiwiZW1haWwiOiJhZG1pbi50ZXN0ZS4xNTQwMTdAdGVzdGUuY29tIiwicm9sZSI6ImFkbWluX2NodXJjaCIsInRlbmFudF9pZCI6IjFmZmJiYTY2LWQ0ZjktNGVmZS04ZTc5LTU5ZGZmMWU5NTI4NSIsImV4cCI6MTc3MjM4MjY2OH0.Xue89pQj6Atdqum_RdifSyE2HvgN3jpeAzzppv35-rw', 'user': {'id': 'a4b6eb7a-89bf-42a2-a8fd-b4a43931cdd4', 'email': 'admin.teste.154017@teste.com', 'name': 'Admin Teste', 'role': 'admin_church', 'tenant_id': '1ffbba66-d4f9-4efe-8e79-59dff1e95285'}}&#10;assert 'access_token' in {'token': 'eyJhbGciOiJIUzI1NiIsInR5cCI6IkpXVCJ9.eyJ1c2VyX2lkIjoiYTRiNmViN2EtODliZi00MmEyLWE4ZmQtYjRhNDM5MzFjZGQ0IiwiZW1haWwiOiJhZG1pbi50ZXN0ZS4xNTQwMTdAdGVzdGUuY29tIiwicm9sZSI6ImFkbWluX2NodXJjaCIsInRlbmFudF9pZCI6IjFmZmJiYTY2LWQ0ZjktNGVmZS04ZTc5LTU5ZGZmMWU5NTI4NSIsImV4cCI6MTc3MjM4MjY2OH0.Xue89pQj6Atdqum_RdifSyE2HvgN3jpeAzzppv35-rw', 'user': {'email': 'admin.teste.154017@teste.com', 'id': 'a4b6eb7a-89bf-42a2-a8fd-b4a43931cdd4', 'name': 'Admin Teste', 'role': 'admin_church', ...}}&quot;">backend/tests/test_ensino_module.py:34: in auth_token
    assert "access_token" in data, f"No access_token in response: {data}"
E   AssertionError: No access_token in response: {'token': 'eyJhbGciOiJIUzI1NiIsInR5cCI6IkpXVCJ9.eyJ1c2VyX2lkIjoiYTRiNmViN2EtODliZi00MmEyLWE4ZmQtYjRhNDM5MzFjZGQ0IiwiZW1haWwiOiJhZG1pbi50ZXN0ZS4xNTQwMTdAdGVzdGUuY29tIiwicm9sZSI6ImFkbWluX2NodXJjaCIsInRlbmFudF9pZCI6IjFmZmJiYTY2LWQ0ZjktNGVmZS04ZTc5LTU5ZGZmMWU5NTI4NSIsImV4cCI6MTc3MjM4MjY2OH0.Xue89pQj6Atdqum_RdifSyE2HvgN3jpeAzzppv35-rw', 'user': {'id': 'a4b6eb7a-89bf-42a2-a8fd-b4a43931cdd4', 'email': 'admin.teste.154017@teste.com', 'name': 'Admin Teste', 'role': 'admin_church', 'tenant_id': '1ffbba66-d4f9-4efe-8e79-59dff1e95285'}}
E   assert 'access_token' in {'token': 'eyJhbGciOiJIUzI1NiIsInR5cCI6IkpXVCJ9.eyJ1c2VyX2lkIjoiYTRiNmViN2EtODliZi00MmEyLWE4ZmQtYjRhNDM5MzFjZGQ0IiwiZW1haWwiOiJhZG1pbi50ZXN0ZS4xNTQwMTdAdGVzdGUuY29tIiwicm9sZSI6ImFkbWluX2NodXJjaCIsInRlbmFudF9pZCI6IjFmZmJiYTY2LWQ0ZjktNGVmZS04ZTc5LTU5ZGZmMWU5NTI4NSIsImV4cCI6MTc3MjM4MjY2OH0.Xue89pQj6Atdqum_RdifSyE2HvgN3jpeAzzppv35-rw', 'user': {'email': 'admin.teste.154017@teste.com', 'id': 'a4b6eb7a-89bf-42a2-a8fd-b4a43931cdd4', 'name': 'Admin Teste', 'role': 'admin_church', ...}}</error></testcase><testcase classname="backend.tests.test_ensino_module.TestEstudos" name="test_03_list_estudos_with_filters" time="0.000"><error message="failed on setup with &quot;AssertionError: No access_token in response: {'token': 'eyJhbGciOiJIUzI1NiIsInR5cCI6IkpXVCJ9.eyJ1c2VyX2lkIjoiYTRiNmViN2EtODliZi00MmEyLWE4ZmQtYjRhNDM5MzFjZGQ0IiwiZW1haWwiOiJhZG1pbi50ZXN0ZS4xNTQwMTdAdGVzdGUuY29tIiwicm9sZSI6ImFkbWluX2NodXJjaCIsInRlbmFudF9pZCI6IjFmZmJiYTY2LWQ0ZjktNGVmZS04ZTc5LTU5ZGZmMWU5NTI4NSIsImV4cCI6MTc3MjM4MjY2OH0.Xue89pQj6Atdqum_RdifSyE2HvgN3jpeAzzppv35-rw', 'user': {'id': 'a4b6eb7a-89bf-42a2-a8fd-b4a43931cdd4', 'email': 'admin.teste.154017@teste.com', 'name': 'Admin Teste', 'role': 'admin_church', 'tenant_id': '1ffbba66-d4f9-4efe-8e79-59dff1e95285'}}&#10;assert 'access_token' in {'token': 'eyJhbGciOiJIUzI1NiIsInR5cCI6IkpXVCJ9.eyJ1c2VyX2lkIjoiYTRiNmViN2EtODliZi00MmEyLWE4ZmQtYjRhNDM5MzFjZGQ0IiwiZW1haWwiOiJhZG1pbi50ZXN0ZS4xNTQwMTdAdGVzdGUuY29tIiwicm9sZSI6ImFkbWluX2NodXJjaCIsInRlbmFudF9pZCI6IjFmZmJiYTY2LWQ0ZjktNGVmZS04ZTc5LTU5ZGZmMWU5NTI4NSIsImV4cCI6MTc3MjM4MjY2OH0.Xue89pQj6Atdqum_RdifSyE2HvgN3jpeAzzppv35-rw', 'user': {'email': 'admin.teste.154017@teste.com', 'id': 'a4b6eb7a-89bf-42a2-a8fd-b4a43931cdd4', 'name': 'Admin Teste', 'role': 'admin_church', ...}}&quot;">backend/tests/test_ensino_module.py:34: in auth_token
    assert "access_token" in data, f"No access_token in response: {data}"
E   AssertionError: No access_token in response: {'token': 'eyJhbGciOiJIUzI1NiIsInR5cCI6IkpXVCJ9.eyJ1c2VyX2lkIjoiYTRiNmViN2EtODliZi00MmEyLWE4ZmQtYjRhNDM5MzFjZGQ0IiwiZW1haWwiOiJhZG1pbi50ZXN0ZS4xNTQwMTdAdGVzdGUuY29tIiwicm9sZSI6ImFkbWluX2NodXJjaCIsInRlbmFudF9pZCI6IjFmZmJiYTY2LWQ0ZjktNGVmZS04ZTc5LTU5ZGZmMWU5NTI4NSIsImV4cCI6MTc3MjM4MjY2OH0.Xue89pQj6Atdqum_RdifSyE2HvgN3jpeAzzppv35-rw', 'user': {'id': 'a4b6eb7a-89bf-42a2-a8fd-b4a43931cdd4', 'email': 'admin.teste.154017@teste.com', 'name': 'Admin Teste', 'role': 'admin_church', 'tenant_id': '1ffbba66-d4f9-4efe-8e79-59dff1e95285'}}
E   assert 'access_token' in {'token': 'eyJhbGciOiJIUzI1NiIsInR5cCI6IkpXVCJ9.eyJ1c2VyX2lkIjoiYTRiNmViN2EtODliZi00MmEyLWE4ZmQtYjRhNDM5MzFjZGQ0IiwiZW1haWwiOiJhZG1pbi50ZXN0ZS4xNTQwMTdAdGVzdGUuY29tIiwicm9sZSI6ImFkbWluX2NodXJjaCIsInRlbmFudF9pZCI6IjFmZmJiYTY2LWQ0ZjktNGVmZS04ZTc5LTU5ZGZmMWU5NTI4NSIsImV4cCI6MTc3MjM4MjY2OH0.Xue89pQj6Atdqum_RdifSyE2HvgN3jpeAzzppv35-rw', 'user': {'email': 'admin.teste.154017@teste.com', 'id': 'a4b6eb7a-89bf-42a2-a8fd-b4a43931cdd4', 'name': 'Admin Teste', 'role': 'admin_church', ...}}</error></testcase><testcase classname="backend.tests.test_ensino_module.TestEstudos" name="test_04_get_estudo" time="0.000"><error message="failed on setup with &quot;AssertionError: No access_token in response: {'token': 'eyJhbGciOiJIUzI1NiIsInR5cCI6IkpXVCJ9.eyJ1c2VyX2lkIjoiYTRiNmViN2EtODliZi00MmEyLWE4ZmQtYjRhNDM5MzFjZGQ0IiwiZW1haWwiOiJhZG1pbi50ZXN0ZS4xNTQwMTdAdGVzdGUuY29tIiwicm9sZSI6ImFkbWluX2NodXJjaCIsInRlbmFudF9pZCI6IjFmZmJiYTY2LWQ0ZjktNGVmZS04ZTc5LTU5ZGZmMWU5NTI4NSIsImV4cCI6MTc3MjM4MjY2OH0.Xue89pQj6Atdqum_RdifSyE2HvgN3jpeAzzppv35-rw', 'user': {'id': 'a4b6eb7a-89bf-42a2-a8fd-b4a43931cdd4', 'email': 'admin.teste.154017@teste.com', 'name': 'Admin Teste', 'role': 'admin_church', 'tenant_id': '1ffbba66-d4f9-4efe-8e79-59dff1e95285'}}&#10;assert 'access_token' in {'token': 'eyJhbGciOiJIUzI1NiIsInR5cCI6IkpXVCJ9.eyJ1c2VyX2lkIjoiYTRiNmViN2EtODliZi00MmEyLWE4ZmQtYjRhNDM5MzFjZGQ0IiwiZW1haWwiOiJhZG1pbi50ZXN0ZS4xNTQwMTdAdGVzdGUuY29tIiwicm9sZSI6ImFkbWluX2NodXJjaCIsInRlbmFudF9pZCI6IjFmZmJiYTY2LWQ0ZjktNGVmZS04ZTc5LTU5ZGZmMWU5NTI4NSIsImV4cCI6MTc3MjM4MjY2OH0.Xue89pQj6Atdqum_RdifSyE2HvgN3jpeAzzppv35-rw', 'user': {'email': 'admin.teste.154017@teste.com', 'id': 'a4b6eb7a-89bf-42a2-a8fd-b4a43931cdd4', 'name': 'Admin Teste', 'role': 'admin_church', ...}}&quot;">backend/tests/test_ensino_module.py:34: in auth_token
    assert "access_token" in data, f"No access_token in response: {data}"
E   AssertionError: No access_token in response: {'token': 'eyJhbGciOiJIUzI1NiIsInR5cCI6IkpXVCJ9.eyJ1c2VyX2lkIjoiYTRiNmViN2EtODliZi00MmEyLWE4ZmQtYjRhNDM5MzFjZGQ0IiwiZW1haWwiOiJhZG1pbi50ZXN0ZS4xNTQwMTdAdGVzdGUuY29tIiwicm9sZSI6ImFkbWluX2NodXJjaCIsInRlbmFudF9pZCI6IjFmZmJiYTY2LWQ0ZjktNGVmZS04ZTc5LTU5ZGZmMWU5NTI4NSIsImV4cCI6MTc3MjM4MjY2OH0.Xue89pQj6Atdqum_RdifSyE2HvgN3jpeAzzppv35-rw', 'user': {'id': 'a4b6eb7a-89bf-42a2-a8fd-b4a43931cdd4', 'email': 'admin.teste.154017@teste.com', 'name': 'Admin Teste', 'role': 'admin_church', 'tenant_id': '1ffbba66-d4f9-4efe-8e79-59dff1e95285'}}
E   assert 'access_token' in {'token': 'eyJhbGciOiJIUzI1NiIsInR5cCI6IkpXVCJ9.eyJ1c2VyX2lkIjoiYTRiNmViN2EtODliZi00MmEyLWE4ZmQtYjRhNDM5MzFjZGQ0IiwiZW1haWwiOiJhZG1pbi50ZXN0ZS4xNTQwMTdAdGVzdGUuY29tIiwicm9sZSI6ImFkbWluX2NodXJjaCIsInRlbmFudF9pZCI6IjFmZmJiYTY2LWQ0ZjktNGVmZS04ZTc5LTU5ZGZmMWU5NTI4NSIsImV4cCI6MTc3MjM4MjY2OH0.Xue89pQj6Atdqum_RdifSyE2HvgN3jpeAzzppv35-rw', 'user': {'email': 'admin.teste.154017@teste.com', 'id': 'a4b6eb7a-89bf-42a2-a8fd-b4a43931cdd4', 'name': 'Admin Teste', 'role': 'admin_church', ...}}</error></testcase><testcase classname="backend.tests.test_ensino_module.TestEstudos" name="test_05_update_estudo" time="0.000"><error message="failed on setup with &quot;AssertionError: No access_token in response: {'token': 'eyJhbGciOiJIUzI1NiIsInR5cCI6IkpXVCJ9.eyJ1c2VyX2lkIjoiYTRiNmViN2EtODliZi00MmEyLWE4ZmQtYjRhNDM5MzFjZGQ0IiwiZW1haWwiOiJhZG1pbi50ZXN0ZS4xNTQwMTdAdGVzdGUuY29tIiwicm9sZSI6ImFkbWluX2NodXJjaCIsInRlbmFudF9pZCI6IjFmZmJiYTY2LWQ0ZjktNGVmZS04ZTc5LTU5ZGZmMWU5NTI4NSIsImV4cCI6MTc3MjM4MjY2OH0.Xue89pQj6Atdqum_RdifSyE2HvgN3jpeAzzppv35-rw', 'user': {'id': 'a4b6eb7a-89bf-42a2-a8fd-b4a43931cdd4', 'email': 'admin.teste.154017@teste.com', 'name': 'Admin Teste', 'role': 'admin_church', 'tenant_id': '1ffbba66-d4f9-4efe-8e79-59dff1e95285'}}&#10;assert 'access_token' in {'token': 'eyJhbGciOiJIUzI1NiIsInR5cCI6IkpXVCJ9.eyJ1c2VyX2lkIjoiYTRiNmViN2EtODliZi00MmEyLWE4ZmQtYjRhNDM5MzFjZGQ0IiwiZW1haWwiOiJhZG1pbi50ZXN0ZS4xNTQwMTdAdGVzdGUuY29tIiwicm9sZSI6ImFkbWluX2NodXJjaCIsInRlbmFudF9pZCI6IjFmZmJiYTY2LWQ0ZjktNGVmZS04ZTc5LTU5ZGZmMWU5NTI4NSIsImV4cCI6MTc3MjM4MjY2OH0.Xue89pQj6Atdqum_RdifSyE2HvgN3jpeAzzppv35-rw', 'user': {'email': 'admin.teste.154017@teste.com', 'id': 'a4b6eb7a-89bf-42a2-a8fd-b4a43931cdd4', 'name': 'Admin Teste', 'role': 'admin_church', ...}}&quot;">backend/tests/test_ensino_module.py:34: in auth_token
    assert "access_token" in data, f"No access_token in response: {data}"
E   AssertionError: No access_token in response: {'token': 'eyJhbGciOiJIUzI1NiIsInR5cCI6IkpXVCJ9.eyJ1c2VyX2lkIjoiYTRiNmViN2EtODliZi00MmEyLWE4ZmQtYjRhNDM5MzFjZGQ0IiwiZW1haWwiOiJhZG1pbi50ZXN0ZS4xNTQwMTdAdGVzdGUuY29tIiwicm9sZSI6ImFkbWluX2NodXJjaCIsInRlbmFudF9pZCI6IjFmZmJiYTY2LWQ0ZjktNGVmZS04ZTc5LTU5ZGZmMWU5NTI4NSIsImV4cCI6MTc3MjM4MjY2OH0.Xue89pQj6Atdqum_RdifSyE2HvgN3jpeAzzppv35-rw', 'user': {'id': 'a4b6eb7a-89bf-42a2-a8fd-b4a43931cdd4', 'email': 'admin.teste.154017@teste.com', 'name': 'Admin Teste', 'role': 'admin_church', 'tenant_id': '1ffbba66-d4f9-4efe-8e79-59dff1e95285'}}
E   assert 'access_token' in {'token': 'eyJhbGciOiJIUzI1NiIsInR5cCI6IkpXVCJ9.eyJ1c2VyX2lkIjoiYTRiNmViN2EtODliZi00MmEyLWE4ZmQtYjRhNDM5MzFjZGQ0IiwiZW1haWwiOiJhZG1pbi50ZXN0ZS4xNTQwMTdAdGVzdGUuY29tIiwicm9sZSI6ImFkbWluX2NodXJjaCIsInRlbmFudF9pZCI6IjFmZmJiYTY2LWQ0ZjktNGVmZS04ZTc5LTU5ZGZmMWU5NTI4NSIsImV4cCI6MTc3MjM4MjY2OH0.Xue89pQj6Atdqum_RdifSyE2HvgN3jpeAzzppv35-rw', 'user': {'email': 'admin.teste.154017@teste.com', 'id': 'a4b6eb7a-89bf-42a2-a8fd-b4a43931cdd4', 'name': 'Admin Teste', 'role': 'admin_church', ...}}</error></testcase><testcase classname="backend.tests.test_ensino_module.TestEstudos" name="test_06_archive_estudo" time="0.000"><error message="failed on setup with &quot;AssertionError: No access_token in response: {'token': 'eyJhbGciOiJIUzI1NiIsInR5cCI6IkpXVCJ9.eyJ1c2VyX2lkIjoiYTRiNmViN2EtODliZi00MmEyLWE4ZmQtYjRhNDM5MzFjZGQ0IiwiZW1haWwiOiJhZG1pbi50ZXN0ZS4xNTQwMTdAdGVzdGUuY29tIiwicm9sZSI6ImFkbWluX2NodXJjaCIsInRlbmFudF9pZCI6IjFmZmJiYTY2LWQ0ZjktNGVmZS04ZTc5LTU5ZGZmMWU5NTI4NSIsImV4cCI6MTc3MjM4MjY2OH0.Xue89pQj6Atdqum_RdifSyE2HvgN3jpeAzzppv35-rw', 'user': {'id': 'a4b6eb7a-89bf-42a2-a8fd-b4a43931cdd4', 'email': 'admin.teste.154017@teste.com', 'name': 'Admin Teste', 'role': 'admin_church', 'tenant_id': '1ffbba66-d4f9-4efe-8e79-59dff1e95285'}}&#10;assert 'access_token' in {'token': 'eyJhbGciOiJIUzI1NiIsInR5cCI6IkpXVCJ9.eyJ1c2VyX2lkIjoiYTRiNmViN2EtODliZi00MmEyLWE4ZmQtYjRhNDM5MzFjZGQ0IiwiZW1haWwiOiJhZG1pbi50ZXN0ZS4xNTQwMTdAdGVzdGUuY29tIiwicm9sZSI6ImFkbWluX2NodXJjaCIsInRlbmFudF9pZCI6IjFmZmJiYTY2LWQ0ZjktNGVmZS04ZTc5LTU5ZGZmMWU5NTI4NSIsImV4cCI6MTc3MjM4MjY2OH0.Xue89pQj6Atdqum_RdifSyE2HvgN3jpeAzzppv35-rw', 'user': {'email': 'admin.teste.154017@teste.com', 'id': 'a4b6eb7a-89bf-42a2-a8fd-b4a43931cdd4', 'name': 'Admin Teste', 'role': 'admin_church', ...}}&quot;">backend/tests/test_ensino_module.py:34: in auth_token
    assert "access_token" in data, f"No access_token in response: {data}"
E   AssertionError: No access_token in response: {'token': 'eyJhbGciOiJIUzI1NiIsInR5cCI6IkpXVCJ9.eyJ1c2VyX2lkIjoiYTRiNmViN2EtODliZi00MmEyLWE4ZmQtYjRhNDM5MzFjZGQ0IiwiZW1haWwiOiJhZG1pbi50ZXN0ZS4xNTQwMTdAdGVzdGUuY29tIiwicm9sZSI6ImFkbWluX2NodXJjaCIsInRlbmFudF9pZCI6IjFmZmJiYTY2LWQ0ZjktNGVmZS04ZTc5LTU5ZGZmMWU5NTI4NSIsImV4cCI6MTc3MjM4MjY2OH0.Xue89pQj6Atdqum_RdifSyE2HvgN3jpeAzzppv35-rw', 'user': {'id': 'a4b6eb7a-89bf-42a2-a8fd-b4a43931cdd4', 'email': 'admin.teste.154017@teste.com', 'name': 'Admin Teste', 'role': 'admin_church', 'tenant_id': '1ffbba66-d4f9-4efe-8e79-59dff1e95285'}}
E   assert 'access_token' in {'token': 'eyJhbGciOiJIUzI1NiIsInR5cCI6IkpXVCJ9.eyJ1c2VyX2lkIjoiYTRiNmViN2EtODliZi00MmEyLWE4ZmQtYjRhNDM5MzFjZGQ0IiwiZW1haWwiOiJhZG1pbi50ZXN0ZS4xNTQwMTdAdGVzdGUuY29tIiwicm9sZSI6ImFkbWluX2NodXJjaCIsInRlbmFudF9pZCI6IjFmZmJiYTY2LWQ0ZjktNGVmZS04ZTc5LTU5ZGZmMWU5NTI4NSIsImV4cCI6MTc3MjM4MjY2OH0.Xue89pQj6Atdqum_RdifSyE2HvgN3jpeAzzppv35-rw', 'user': {'email': 'admin.teste.154017@teste.com', 'id': 'a4b6eb7a-89bf-42a2-a8fd-b4a43931cdd4', 'name': 'Admin Teste', 'role': 'admin_church', ...}}</error></testcase><testcase classname="backend.tests.test_ensino_module.TestEstudos" name="test_07_search_estudos" time="0.000"><error message="failed on setup with &quot;AssertionError: No access_token in response: {'token': 'eyJhbGciOiJIUzI1NiIsInR5cCI6IkpXVCJ9.eyJ1c2VyX2lkIjoiYTRiNmViN2EtODliZi00MmEyLWE4ZmQtYjRhNDM5MzFjZGQ0IiwiZW1haWwiOiJhZG1pbi50ZXN0ZS4xNTQwMTdAdGVzdGUuY29tIiwicm9sZSI6ImFkbWluX2NodXJjaCIsInRlbmFudF9pZCI6IjFmZmJiYTY2LWQ0ZjktNGVmZS04ZTc5LTU5ZGZmMWU5NTI4NSIsImV4cCI6MTc3MjM4MjY2OH0.Xue89pQj6Atdqum_RdifSyE2HvgN3jpeAzzppv35-rw', 'user': {'id': 'a4b6eb7a-89bf-42a2-a8fd-b4a43931cdd4', 'email': 'admin.teste.154017@teste.com', 'name': 'Admin Teste', 'role': 'admin_church', 'tenant_id': '1ffbba66-d4f9-4efe-8e79-59dff1e95285'}}&#10;assert 'access_token' in {'token': 'eyJhbGciOiJIUzI1NiIsInR5cCI6IkpXVCJ9.eyJ1c2VyX2lkIjoiYTRiNmViN2EtODliZi00MmEyLWE4ZmQtYjRhNDM5MzFjZGQ0IiwiZW1haWwiOiJhZG1pbi50ZXN0ZS4xNTQwMTdAdGVzdGUuY29tIiwicm9sZSI6ImFkbWluX2NodXJjaCIsInRlbmFudF9pZCI6IjFmZmJiYTY2LWQ0ZjktNGVmZS04ZTc5LTU5ZGZmMWU5NTI4NSIsImV4cCI6MTc3MjM4MjY2OH0.Xue89pQj6Atdqum_RdifSyE2HvgN3jpeAzzppv35-rw', 'user': {'email': 'admin.teste.154017@teste.com', 'id': 'a4b6eb7a-89bf-42a2-a8fd-b4a43931cdd4', 'name': 'Admin Teste', 'role': 'admin_church', ...}}&quot;">backend/tests/test_ensino_module.py:34: in auth_token
    assert "access_token" in data, f"No access_token in response: {data}"
E   AssertionError: No access_token in response: {'token': 'eyJhbGciOiJIUzI1NiIsInR5cCI6IkpXVCJ9.eyJ1c2VyX2lkIjoiYTRiNmViN2EtODliZi00MmEyLWE4ZmQtYjRhNDM5MzFjZGQ0IiwiZW1haWwiOiJhZG1pbi50ZXN0ZS4xNTQwMTdAdGVzdGUuY29tIiwicm9sZSI6ImFkbWluX2NodXJjaCIsInRlbmFudF9pZCI6IjFmZmJiYTY2LWQ0ZjktNGVmZS04ZTc5LTU5ZGZmMWU5NTI4NSIsImV4cCI6MTc3MjM4MjY2OH0.Xue89pQj6Atdqum_RdifSyE2HvgN3jpeAzzppv35-rw', 'user': {'id': 'a4b6eb7a-89bf-42a2-a8fd-b4a43931cdd4', 'email': 'admin.teste.154017@teste.com', 'name': 'Admin Teste', 'role': 'admin_church', 'tenant_id': '1ffbba66-d4f9-4efe-8e79-59dff1e95285'}}
E   assert 'access_token' in {'token': 'eyJhbGciOiJIUzI1NiIsInR5cCI6IkpXVCJ9.eyJ1c2VyX2lkIjoiYTRiNmViN2EtODliZi00MmEyLWE4ZmQtYjRhNDM5MzFjZGQ0IiwiZW1haWwiOiJhZG1pbi50ZXN0ZS4xNTQwMTdAdGVzdGUuY29tIiwicm9sZSI6ImFkbWluX2NodXJjaCIsInRlbmFudF9pZCI6IjFmZmJiYTY2LWQ0ZjktNGVmZS04ZTc5LTU5ZGZmMWU5NTI4NSIsImV4cCI6MTc3MjM4MjY2OH0.Xue89pQj6Atdqum_RdifSyE2HvgN3jpeAzzppv35-rw', 'user': {'email': 'admin.teste.154017@teste.com', 'id': 'a4b6eb7a-89bf-42a2-a8fd-b4a43931cdd4', 'name': 'Admin Teste', 'role': 'admin_church', ...}}</error></testcase><testcase classname="backend.tests.test_ensino_module.TestProgressoEnsino" name="test_01_create_progresso" time="0.000"><error message="failed on setup with &quot;AssertionError: No access_token in response: {'token': 'eyJhbGciOiJIUzI1NiIsInR5cCI6IkpXVCJ9.eyJ1c2VyX2lkIjoiYTRiNmViN2EtODliZi00MmEyLWE4ZmQtYjRhNDM5MzFjZGQ0IiwiZW1haWwiOiJhZG1pbi50ZXN0ZS4xNTQwMTdAdGVzdGUuY29tIiwicm9sZSI6ImFkbWluX2NodXJjaCIsInRlbmFudF9pZCI6IjFmZmJiYTY2LWQ0ZjktNGVmZS04ZTc5LTU5ZGZmMWU5NTI4NSIsImV4cCI6MTc3MjM4MjY2OH0.Xue89pQj6Atdqum_RdifSyE2HvgN3jpeAzzppv35-rw', 'user': {'id': 'a4b6eb7a-89bf-42a2-a8fd-b4a43931cdd4', 'email': 'admin.teste.154017@teste.com', 'name': 'Admin Teste', 'role': 'admin_church', 'tenant_id': '1ffbba66-d4f9-4efe-8e79-59dff1e95285'}}&#10;assert 'access_token' in {'token': 'eyJhbGciOiJIUzI1NiIsInR5cCI6IkpXVCJ9.eyJ1c2VyX2lkIjoiYTRiNmViN2EtODliZi00MmEyLWE4ZmQtYjRhNDM5MzFjZGQ0IiwiZW1haWwiOiJhZG1pbi50ZXN0ZS4xNTQwMTdAdGVzdGUuY29tIiwicm9sZSI6ImFkbWluX2NodXJjaCIsInRlbmFudF9pZCI6IjFmZmJiYTY2LWQ0ZjktNGVmZS04ZTc5LTU5ZGZmMWU5NTI4NSIsImV4cCI6MTc3MjM4MjY2OH0.Xue89pQj6Atdqum_RdifSyE2HvgN3jpeAzzppv35-rw', 'user': {'email': 'admin.teste.154017@teste.com', 'id': 'a4b6eb7a-89bf-42a2-a8fd-b4a43931cdd4', 'name': 'Admin Teste', 'role': 'admin_church', ...}}&quot;">backend/tests/test_ensino_module.py:34: in auth_token
    assert "access_token" in data, f"No access_token in response: {data}"
E   AssertionError: No access_token in response: {'token': 'eyJhbGciOiJIUzI1NiIsInR5cCI6IkpXVCJ9.eyJ1c2VyX2lkIjoiYTRiNmViN2EtODliZi00MmEyLWE4ZmQtYjRhNDM5MzFjZGQ0IiwiZW1haWwiOiJhZG1pbi50ZXN0ZS4xNTQwMTdAdGVzdGUuY29tIiwicm9sZSI6ImFkbWluX2NodXJjaCIsInRlbmFudF9pZCI6IjFmZmJiYTY2LWQ0ZjktNGVmZS04ZTc5LTU5ZGZmMWU5NTI4NSIsImV4cCI6MTc3MjM4MjY2OH0.Xue89pQj6Atdqum_RdifSyE2HvgN3jpeAzzppv35-rw', 'user': {'id': 'a4b6eb7a-89bf-42a2-a8fd-b4a43931cdd4', 'email': 'admin.teste.154017@teste.com', 'name': 'Admin Teste', 'role': 'admin_church', 'tenant_id': '1ffbba66-d4f9-4efe-8e79-59dff1e95285'}}
E   assert 'access_token' in {'token': 'eyJhbGciOiJIUzI1NiIsInR5cCI6IkpXVCJ9.eyJ1c2VyX2lkIjoiYTRiNmViN2EtODliZi00MmEyLWE4ZmQtYjRhNDM5MzFjZGQ0IiwiZW1haWwiOiJhZG1pbi50ZXN0ZS4xNTQwMTdAdGVzdGUuY29tIiwicm9sZSI6ImFkbWluX2NodXJjaCIsInRlbmFudF9pZCI6IjFmZmJiYTY2LWQ0ZjktNGVmZS04ZTc5LTU5ZGZmMWU5NTI4NSIsImV4cCI6MTc3MjM4MjY2OH0.Xue89pQj6Atdqum_RdifSyE2HvgN3jpeAzzppv35-rw', 'user': {'email': 'admin.teste.154017@teste.com', 'id': 'a4b6eb7a-89bf-42a2-a8fd-b4a43931cdd4', 'name': 'Admin Teste', 'role': 'admin_church', ...}}</error></testcase><testcase classname="backend.tests.test_ensino_module.TestProgressoEnsino" name="test_02_get_progresso_membro" time="0.000"><error message="failed on setup with &quot;AssertionError: No access_token in response: {'token': 'eyJhbGciOiJIUzI1NiIsInR5cCI6IkpXVCJ9.eyJ1c2VyX2lkIjoiYTRiNmViN2EtODliZi00MmEyLWE4ZmQtYjRhNDM5MzFjZGQ0IiwiZW1haWwiOiJhZG1pbi50ZXN0ZS4xNTQwMTdAdGVzdGUuY29tIiwicm9sZSI6ImFkbWluX2NodXJjaCIsInRlbmFudF9pZCI6IjFmZmJiYTY2LWQ0ZjktNGVmZS04ZTc5LTU5ZGZmMWU5NTI4NSIsImV4cCI6MTc3MjM4MjY2OH0.Xue89pQj6Atdqum_RdifSyE2HvgN3jpeAzzppv35-rw', 'user': {'id': 'a4b6eb7a-89bf-42a2-a8fd-b4a43931cdd4', 'email': 'admin.teste.154017@teste.com', 'name': 'Admin Teste', 'role': 'admin_church', 'tenant_id': '1ffbba66-d4f9-4efe-8e79-59dff1e95285'}}&#10;assert 'access_token' in {'token': 'eyJhbGciOiJIUzI1NiIsInR5cCI6IkpXVCJ9.eyJ1c2VyX2lkIjoiYTRiNmViN2EtODliZi00MmEyLWE4ZmQtYjRhNDM5MzFjZGQ0IiwiZW1haWwiOiJhZG1pbi50ZXN0ZS4xNTQwMTdAdGVzdGUuY29tIiwicm9sZSI6ImFkbWluX2NodXJjaCIsInRlbmFudF9pZCI6IjFmZmJiYTY2LWQ0ZjktNGVmZS04ZTc5LTU5ZGZmMWU5NTI4NSIsImV4cCI6MTc3MjM4MjY2OH0.Xue89pQj6Atdqum_RdifSyE2HvgN3jpeAzzppv35-rw', 'user': {'email': 'admin.teste.154017@teste.com', 'id': 'a4b6eb7a-89bf-42a2-a8fd-b4a43931cdd4', 'name': 'Admin Teste', 'role': 'admin_church', ...}}&quot;">backend/tests/test_ensino_module.py:34: in auth_token
    assert "access_token" in data, f"No access_token in response: {data}"
E   AssertionError: No access_token in response: {'token': 'eyJhbGciOiJIUzI1NiIsInR5cCI6IkpXVCJ9.eyJ1c2VyX2lkIjoiYTRiNmViN2EtODliZi00MmEyLWE4ZmQtYjRhNDM5MzFjZGQ0IiwiZW1haWwiOiJhZG1pbi50ZXN0ZS4xNTQwMTdAdGVzdGUuY29tIiwicm9sZSI6ImFkbWluX2NodXJjaCIsInRlbmFudF9pZCI6IjFmZmJiYTY2LWQ0ZjktNGVmZS04ZTc5LTU5ZGZmMWU5NTI4NSIsImV4cCI6MTc3MjM4MjY2OH0.Xue89pQj6Atdqum_RdifSyE2HvgN3jpeAzzppv35-rw', 'user': {'id': 'a4b6eb7a-89bf-42a2-a8fd-b4a43931cdd4', 'email': 'admin.teste.154017@teste.com', 'name': 'Admin Teste', 'role': 'admin_church', 'tenant_id': '1ffbba66-d4f9-4efe-8e79-59dff1e95285'}}
E   assert 'access_token' in {'token': 'eyJhbGciOiJIUzI1NiIsInR5cCI6IkpXVCJ9.eyJ1c2VyX2lkIjoiYTRiNmViN2EtODliZi00MmEyLWE4ZmQtYjRhNDM5MzFjZGQ0IiwiZW1haWwiOiJhZG1pbi50ZXN0ZS4xNTQwMTdAdGVzdGUuY29tIiwicm9sZSI6ImFkbWluX2NodXJjaCIsInRlbmFudF9pZCI6IjFmZmJiYTY2LWQ0ZjktNGVmZS04ZTc5LTU5ZGZmMWU5NTI4NSIsImV4cCI6MTc3MjM4MjY2OH0.Xue89pQj6Atdqum_RdifSyE2HvgN3jpeAzzppv35-rw', 'user': {'email': 'admin.teste.154017@teste.com', 'id': 'a4b6eb7a-89bf-42a2-a8fd-b4a43931cdd4', 'name': 'Admin Teste', 'role': 'admin_church', ...}}</error></testcase><testcase classname="backend.tests.test_ensino_module.TestProgressoEnsino" name="test_03_update_progresso" time="0.000"><error message="failed on setup with &quot;AssertionError: No access_token in response: {'token': 'eyJhbGciOiJIUzI1NiIsInR5cCI6IkpXVCJ9.eyJ1c2VyX2lkIjoiYTRiNmViN2EtODliZi00MmEyLWE4ZmQtYjRhNDM5MzFjZGQ0IiwiZW1haWwiOiJhZG1pbi50ZXN0ZS4xNTQwMTdAdGVzdGUuY29tIiwicm9sZSI6ImFkbWluX2NodXJjaCIsInRlbmFudF9pZCI6IjFmZmJiYTY2LWQ0ZjktNGVmZS04ZTc5LTU5ZGZmMWU5NTI4NSIsImV4cCI6MTc3MjM4MjY2OH0.Xue89pQj6Atdqum_RdifSyE2HvgN3jpeAzzppv35-rw', 'user': {'id': 'a4b6eb7a-89bf-42a2-a8fd-b4a43931cdd4', 'email': 'admin.teste.154017@teste.com', 'name': 'Admin Teste', 'role': 'admin_church', 'tenant_id': '1ffbba66-d4f9-4efe-8e79-59dff1e95285'}}&#10;assert 'access_token' in {'token': 'eyJhbGciOiJIUzI1NiIsInR5cCI6IkpXVCJ9.eyJ1c2VyX2lkIjoiYTRiNmViN2EtODliZi00MmEyLWE4ZmQtYjRhNDM5MzFjZGQ0IiwiZW1haWwiOiJhZG1pbi50ZXN0ZS4xNTQwMTdAdGVzdGUuY29tIiwicm9sZSI6ImFkbWluX2NodXJjaCIsInRlbmFudF9pZCI6IjFmZmJiYTY2LWQ0ZjktNGVmZS04ZTc5LTU5ZGZmMWU5NTI4NSIsImV4cCI6MTc3MjM4MjY2OH0.Xue89pQj6Atdqum_RdifSyE2HvgN3jpeAzzppv35-rw', 'user': {'email': 'admin.teste.154017@teste.com', 'id': 'a4b6eb7a-89bf-42a2-a8fd-b4a43931cdd4', 'name': 'Admin Teste', 'role': 'admin_church', ...}}&quot;">backend/tests/test_ensino_module.py:34: in auth_token
    assert "access_token" in data, f"No access_token in response: {data}"
E   AssertionError: No access_token in response: {'token': 'eyJhbGciOiJIUzI1NiIsInR5cCI6IkpXVCJ9.eyJ1c2VyX2lkIjoiYTRiNmViN2EtODliZi00MmEyLWE4ZmQtYjRhNDM5MzFjZGQ0IiwiZW1haWwiOiJhZG1pbi50ZXN0ZS4xNTQwMTdAdGVzdGUuY29tIiwicm9sZSI6ImFkbWluX2NodXJjaCIsInRlbmFudF9pZCI6IjFmZmJiYTY2LWQ0ZjktNGVmZS04ZTc5LTU5ZGZmMWU5NTI4NSIsImV4cCI6MTc3MjM4MjY2OH0.Xue89pQj6Atdqum_RdifSyE2HvgN3jpeAzzppv35-rw', 'user': {'id': 'a4b6eb7a-89bf-42a2-a8fd-b4a43931cdd4', 'email': 'admin.teste.154017@teste.com', 'name': 'Admin Teste', 'role': 'admin_church', 'tenant_id': '1ffbba66-d4f9-4efe-8e79-59dff1e95285'}}
E   assert 'access_token' in {'token': 'eyJhbGciOiJIUzI1NiIsInR5cCI6IkpXVCJ9.eyJ1c2VyX2lkIjoiYTRiNmViN2EtODliZi00MmEyLWE4ZmQtYjRhNDM5MzFjZGQ0IiwiZW1haWwiOiJhZG1pbi50ZXN0ZS4xNTQwMTdAdGVzdGUuY29tIiwicm9sZSI6ImFkbWluX2NodXJjaCIsInRlbmFudF9pZCI6IjFmZmJiYTY2LWQ0ZjktNGVmZS04ZTc5LTU5ZGZmMWU5NTI4NSIsImV4cCI6MTc3MjM4MjY2OH0.Xue89pQj6Atdqum_RdifSyE2HvgN3jpeAzzppv35-rw', 'user': {'email': 'admin.teste.154017@teste.com', 'id': 'a4b6eb7a-89bf-42a2-a8fd-b4a43931cdd4', 'name': 'Admin Teste', 'role': 'admin_church', ...}}</error></testcase><testcase classname="backend.tests.test_ensino_module.TestPainelAcademico" name="test_01_get_painel_academico" time="0.000"><error message="failed on setup with &quot;AssertionError: No access_token in response: {'token': 'eyJhbGciOiJIUzI1NiIsInR5cCI6IkpXVCJ9.eyJ1c2VyX2lkIjoiYTRiNmViN2EtODliZi00MmEyLWE4ZmQtYjRhNDM5MzFjZGQ0IiwiZW1haWwiOiJhZG1pbi50ZXN0ZS4xNTQwMTdAdGVzdGUuY29tIiwicm9sZSI6ImFkbWluX2NodXJjaCIsInRlbmFudF9pZCI6IjFmZmJiYTY2LWQ0ZjktNGVmZS04ZTc5LTU5ZGZmMWU5NTI4NSIsImV4cCI6MTc3MjM4MjY2OH0.Xue89pQj6Atdqum_RdifSyE2HvgN3jpeAzzppv35-rw', 'user': {'id': 'a4b6eb7a-89bf-42a2-a8fd-b4a43931cdd4', 'email': 'admin.teste.154017@teste.com', 'name': 'Admin Teste', 'role': 'admin_church', 'tenant_id': '1ffbba66-d4f9-4efe-8e79-59dff1e95285'}}&#10;assert 'access_token' in {'token': 'eyJhbGciOiJIUzI1NiIsInR5cCI6IkpXVCJ9.eyJ1c2VyX2lkIjoiYTRiNmViN2EtODliZi00MmEyLWE4ZmQtYjRhNDM5MzFjZGQ0IiwiZW1haWwiOiJhZG1pbi50ZXN0ZS4xNTQwMTdAdGVzdGUuY29tIiwicm9sZSI6ImFkbWluX2NodXJjaCIsInRlbmFudF9pZCI6IjFmZmJiYTY2LWQ0ZjktNGVmZS04ZTc5LTU5ZGZmMWU5NTI4NSIsImV4cCI6MTc3MjM4MjY2OH0.Xue89pQj6Atdqum_RdifSyE2HvgN3jpeAzzppv35-rw', 'user': {'email': 'admin.teste.154017@teste.com', 'id': 'a4b6eb7a-89bf-42a2-a8fd-b4a43931cdd4', 'name': 'Admin Teste', 'role': 'admin_church', ...}}&quot;">backend/tests/test_ensino_module.py:34: in auth_token
    assert "access_token" in data, f"No access_token in response: {data}"
E   AssertionError: No access_token in response: {'token': 'eyJhbGciOiJIUzI1NiIsInR5cCI6IkpXVCJ9.eyJ1c2VyX2lkIjoiYTRiNmViN2EtODliZi00MmEyLWE4ZmQtYjRhNDM5MzFjZGQ0IiwiZW1haWwiOiJhZG1pbi50ZXN0ZS4xNTQwMTdAdGVzdGUuY29tIiwicm9sZSI6ImFkbWluX2NodXJjaCIsInRlbmFudF9pZCI6IjFmZmJiYTY2LWQ0ZjktNGVmZS04ZTc5LTU5ZGZmMWU5NTI4NSIsImV4cCI6MTc3MjM4MjY2OH0.Xue89pQj6Atdqum_RdifSyE2HvgN3jpeAzzppv35-rw', 'user': {'id': 'a4b6eb7a-89bf-42a2-a8fd-b4a43931cdd4', 'email': 'admin.teste.154017@teste.com', 'name': 'Admin Teste', 'role': 'admin_church', 'tenant_id': '1ffbba66-d4f9-4efe-8e79-59dff1e95285'}}
E   assert 'access_token' in {'token': 'eyJhbGciOiJIUzI1NiIsInR5cCI6IkpXVCJ9.eyJ1c2VyX2lkIjoiYTRiNmViN2EtODliZi00MmEyLWE4ZmQtYjRhNDM5MzFjZGQ0IiwiZW1haWwiOiJhZG1pbi50ZXN0ZS4xNTQwMTdAdGVzdGUuY29tIiwicm9sZSI6ImFkbWluX2NodXJjaCIsInRlbmFudF9pZCI6IjFmZmJiYTY2LWQ0ZjktNGVmZS04ZTc5LTU5ZGZmMWU5NTI4NSIsImV4cCI6MTc3MjM4MjY2OH0.Xue89pQj6Atdqum_RdifSyE2HvgN3jpeAzzppv35-rw', 'user': {'email': 'admin.teste.154017@teste.com', 'id': 'a4b6eb7a-89bf-42a2-a8fd-b4a43931cdd4', 'name': 'Admin Teste', 'role': 'admin_church', ...}}</error></testcase><testcase classname="backend.tests.test_ensino_module.TestErrorHandling" name="test_01_get_nonexistent_escola" time="0.000"><error message="failed on setup with &quot;AssertionError: No access_token in response: {'token': 'eyJhbGciOiJIUzI1NiIsInR5cCI6IkpXVCJ9.eyJ1c2VyX2lkIjoiYTRiNmViN2EtODliZi00MmEyLWE4ZmQtYjRhNDM5MzFjZGQ0IiwiZW1haWwiOiJhZG1pbi50ZXN0ZS4xNTQwMTdAdGVzdGUuY29tIiwicm9sZSI6ImFkbWluX2NodXJjaCIsInRlbmFudF9pZCI6IjFmZmJiYTY2LWQ0ZjktNGVmZS04ZTc5LTU5ZGZmMWU5NTI4NSIsImV4cCI6MTc3MjM4MjY2OH0.Xue89pQj6Atdqum_RdifSyE2HvgN3jpeAzzppv35-rw', 'user': {'id': 'a4b6eb7a-89bf-42a2-a8fd-b4a43931cdd4', 'email': 'admin.teste.154017@teste.com', 'name': 'Admin Teste', 'role': 'admin_church', 'tenant_id': '1ffbba66-d4f9-4efe-8e79-59dff1e95285'}}&#10;assert 'access_token' in {'token': 'eyJhbGciOiJIUzI1NiIsInR5cCI6IkpXVCJ9.eyJ1c2VyX2lkIjoiYTRiNmViN2EtODliZi00MmEyLWE4ZmQtYjRhNDM5MzFjZGQ0IiwiZW1haWwiOiJhZG1pbi50ZXN0ZS4xNTQwMTdAdGVzdGUuY29tIiwicm9sZSI6ImFkbWluX2NodXJjaCIsInRlbmFudF9pZCI6IjFmZmJiYTY2LWQ0ZjktNGVmZS04ZTc5LTU5ZGZmMWU5NTI4NSIsImV4cCI6MTc3MjM4MjY2OH0.Xue89pQj6Atdqum_RdifSyE2HvgN3jpeAzzppv35-rw', 'user': {'email': 'admin.teste.154017@teste.com', 'id': 'a4b6eb7a-89bf-42a2-a8fd-b4a43931cdd4', 'name': 'Admin Teste', 'role': 'admin_church', ...}}&quot;">backend/tests/test_ensino_module.py:34: in auth_token
    assert "access_token" in data, f"No access_token in response: {data}"
E   AssertionError: No access_token in response: {'token': 'eyJhbGciOiJIUzI1NiIsInR5cCI6IkpXVCJ9.eyJ1c2VyX2lkIjoiYTRiNmViN2EtODliZi00MmEyLWE4ZmQtYjRhNDM5MzFjZGQ0IiwiZW1haWwiOiJhZG1pbi50ZXN0ZS4xNTQwMTdAdGVzdGUuY29tIiwicm9sZSI6ImFkbWluX2NodXJjaCIsInRlbmFudF9pZCI6IjFmZmJiYTY2LWQ0ZjktNGVmZS04ZTc5LTU5ZGZmMWU5NTI4NSIsImV4cCI6MTc3MjM4MjY2OH0.Xue89pQj6Atdqum_RdifSyE2HvgN3jpeAzzppv35-rw', 'user': {'id': 'a4b6eb7a-89bf-42a2-a8fd-b4a43931cdd4', 'email': 'admin.teste.154017@teste.com', 'name': 'Admin Teste', 'role': 'admin_church', 'tenant_id': '1ffbba66-d4f9-4efe-8e79-59dff1e95285'}}
E   assert 'access_token' in {'token': 'eyJhbGciOiJIUzI1NiIsInR5cCI6IkpXVCJ9.eyJ1c2VyX2lkIjoiYTRiNmViN2EtODliZi00MmEyLWE4ZmQtYjRhNDM5MzFjZGQ0IiwiZW1haWwiOiJhZG1pbi50ZXN0ZS4xNTQwMTdAdGVzdGUuY29tIiwicm9sZSI6ImFkbWluX2NodXJjaCIsInRlbmFudF9pZCI6IjFmZmJiYTY2LWQ0ZjktNGVmZS04ZTc5LTU5ZGZmMWU5NTI4NSIsImV4cCI6MTc3MjM4MjY2OH0.Xue89pQj6Atdqum_RdifSyE2HvgN3jpeAzzppv35-rw', 'user': {'email': 'admin.teste.154017@teste.com', 'id': 'a4b6eb7a-89bf-42a2-a8fd-b4a43931cdd4', 'name': 'Admin Teste', 'role': 'admin_church', ...}}</error></testcase><testcase classname="backend.tests.test_ensino_module.TestErrorHandling" name="test_02_get_nonexistent_turma" time="0.000"><error message="failed on setup with &quot;AssertionError: No access_token in response: {'token': 'eyJhbGciOiJIUzI1NiIsInR5cCI6IkpXVCJ9.eyJ1c2VyX2lkIjoiYTRiNmViN2EtODliZi00MmEyLWE4ZmQtYjRhNDM5MzFjZGQ0IiwiZW1haWwiOiJhZG1pbi50ZXN0ZS4xNTQwMTdAdGVzdGUuY29tIiwicm9sZSI6ImFkbWluX2NodXJjaCIsInRlbmFudF9pZCI6IjFmZmJiYTY2LWQ0ZjktNGVmZS04ZTc5LTU5ZGZmMWU5NTI4NSIsImV4cCI6MTc3MjM4MjY2OH0.Xue89pQj6Atdqum_RdifSyE2HvgN3jpeAzzppv35-rw', 'user': {'id': 'a4b6eb7a-89bf-42a2-a8fd-b4a43931cdd4', 'email': 'admin.teste.154017@teste.com', 'name': 'Admin Teste', 'role': 'admin_church', 'tenant_id': '1ffbba66-d4f9-4efe-8e79-59dff1e95285'}}&#10;assert 'access_token' in {'token': 'eyJhbGciOiJIUzI1NiIsInR5cCI6IkpXVCJ9.eyJ1c2VyX2lkIjoiYTRiNmViN2EtODliZi00MmEyLWE4ZmQtYjRhNDM5MzFjZGQ0IiwiZW1haWwiOiJhZG1pbi50ZXN0ZS4xNTQwMTdAdGVzdGUuY29tIiwicm9sZSI6ImFkbWluX2NodXJjaCIsInRlbmFudF9pZCI6IjFmZmJiYTY2LWQ0ZjktNGVmZS04ZTc5LTU5ZGZmMWU5NTI4NSIsImV4cCI6MTc3MjM4MjY2OH0.Xue89pQj6Atdqum_RdifSyE2HvgN3jpeAzzppv35-rw', 'user': {'email': 'admin.teste.154017@teste.com', 'id': 'a4b6eb7a-89bf-42a2-a8fd-b4a43931cdd4', 'name': 'Admin Teste', 'role': 'admin_church', ...}}&quot;">backend/tests/test_ensino_module.py:34: in auth_token
    assert "access_token" in data, f"No access_token in response: {data}"
E   AssertionError: No access_token in response: {'token': 'eyJhbGciOiJIUzI1NiIsInR5cCI6IkpXVCJ9.eyJ1c2VyX2lkIjoiYTRiNmViN2EtODliZi00MmEyLWE4ZmQtYjRhNDM5MzFjZGQ0IiwiZW1haWwiOiJhZG1pbi50ZXN0ZS4xNTQwMTdAdGVzdGUuY29tIiwicm9sZSI6ImFkbWluX2NodXJjaCIsInRlbmFudF9pZCI6IjFmZmJiYTY2LWQ0ZjktNGVmZS04ZTc5LTU5ZGZmMWU5NTI4NSIsImV4cCI6MTc3MjM4MjY2OH0.Xue89pQj6Atdqum_RdifSyE2HvgN3jpeAzzppv35-rw', 'user': {'id': 'a4b6eb7a-89bf-42a2-a8fd-b4a43931cdd4', 'email': 'admin.teste.154017@teste.com', 'name': 'Admin Teste', 'role': 'admin_church', 'tenant_id': '1ffbba66-d4f9-4efe-8e79-59dff1e95285'}}
E   assert 'access_token' in {'token': 'eyJhbGciOiJIUzI1NiIsInR5cCI6IkpXVCJ9.eyJ1c2VyX2lkIjoiYTRiNmViN2EtODliZi00MmEyLWE4ZmQtYjRhNDM5MzFjZGQ0IiwiZW1haWwiOiJhZG1pbi50ZXN0ZS4xNTQwMTdAdGVzdGUuY29tIiwicm9sZSI6ImFkbWluX2NodXJjaCIsInRlbmFudF9pZCI6IjFmZmJiYTY2LWQ0ZjktNGVmZS04ZTc5LTU5ZGZmMWU5NTI4NSIsImV4cCI6MTc3MjM4MjY2OH0.Xue89pQj6Atdqum_RdifSyE2HvgN3jpeAzzppv35-rw', 'user': {'email': 'admin.teste.154017@teste.com', 'id': 'a4b6eb7a-89bf-42a2-a8fd-b4a43931cdd4', 'name': 'Admin Teste', 'role': 'admin_church', ...}}</error></testcase><testcase classname="backend.tests.test_ensino_module.TestErrorHandling" name="test_03_get_nonexistent_estudo" time="0.000"><error message="failed on setup with &quot;AssertionError: No access_token in response: {'token': 'eyJhbGciOiJIUzI1NiIsInR5cCI6IkpXVCJ9.eyJ1c2VyX2lkIjoiYTRiNmViN2EtODliZi00MmEyLWE4ZmQtYjRhNDM5MzFjZGQ0IiwiZW1haWwiOiJhZG1pbi50ZXN0ZS4xNTQwMTdAdGVzdGUuY29tIiwicm9sZSI6ImFkbWluX2NodXJjaCIsInRlbmFudF9pZCI6IjFmZmJiYTY2LWQ0ZjktNGVmZS04ZTc5LTU5ZGZmMWU5NTI4NSIsImV4cCI6MTc3MjM4MjY2OH0.Xue89pQj6Atdqum_RdifSyE2HvgN3jpeAzzppv35-rw', 'user': {'id': 'a4b6eb7a-89bf-42a2-a8fd-b4a43931cdd4', 'email': 'admin.teste.154017@teste.com', 'name': 'Admin Teste', 'role': 'admin_church', 'tenant_id': '1ffbba66-d4f9-4efe-8e79-59dff1e95285'}}&#10;assert 'access_token' in {'token': 'eyJhbGciOiJIUzI1NiIsInR5cCI6IkpXVCJ9.eyJ1c2VyX2lkIjoiYTRiNmViN2EtODliZi00MmEyLWE4ZmQtYjRhNDM5MzFjZGQ0IiwiZW1haWwiOiJhZG1pbi50ZXN0ZS4xNTQwMTdAdGVzdGUuY29tIiwicm9sZSI6ImFkbWluX2NodXJjaCIsInRlbmFudF9pZCI6IjFmZmJiYTY2LWQ0ZjktNGVmZS04ZTc5LTU5ZGZmMWU5NTI4NSIsImV4cCI6MTc3MjM4MjY2OH0.Xue89pQj6Atdqum_RdifSyE2HvgN3jpeAzzppv35-rw', 'user': {'email': 'admin.teste.154017@teste.com', 'id': 'a4b6eb7a-89bf-42a2-a8fd-b4a43931cdd4', 'name': 'Admin Teste', 'role': 'admin_church', ...}}&quot;">backend/tests/test_ensino_module.py:34: in auth_token
    assert "access_token" in data, f"No access_token in response: {data}"
E   AssertionError: No access_token in response: {'token': 'eyJhbGciOiJIUzI1NiIsInR5cCI6IkpXVCJ9.eyJ1c2VyX2lkIjoiYTRiNmViN2EtODliZi00MmEyLWE4ZmQtYjRhNDM5MzFjZGQ0IiwiZW1haWwiOiJhZG1pbi50ZXN0ZS4xNTQwMTdAdGVzdGUuY29tIiwicm9sZSI6ImFkbWluX2NodXJjaCIsInRlbmFudF9pZCI6IjFmZmJiYTY2LWQ0ZjktNGVmZS04ZTc5LTU5ZGZmMWU5NTI4NSIsImV4cCI6MTc3MjM4MjY2OH0.Xue89pQj6Atdqum_RdifSyE2HvgN3jpeAzzppv35-rw', 'user': {'id': 'a4b6eb7a-89bf-42a2-a8fd-b4a43931cdd4', 'email': 'admin.teste.154017@teste.com', 'name': 'Admin Teste', 'role': 'admin_church', 'tenant_id': '1ffbba66-d4f9-4efe-8e79-59dff1e95285'}}
E   assert 'access_token' in {'token': 'eyJhbGciOiJIUzI1NiIsInR5cCI6IkpXVCJ9.eyJ1c2VyX2lkIjoiYTRiNmViN2EtODliZi00MmEyLWE4ZmQtYjRhNDM5MzFjZGQ0IiwiZW1haWwiOiJhZG1pbi50ZXN0ZS4xNTQwMTdAdGVzdGUuY29tIiwicm9sZSI6ImFkbWluX2NodXJjaCIsInRlbmFudF9pZCI6IjFmZmJiYTY2LWQ0ZjktNGVmZS04ZTc5LTU5ZGZmMWU5NTI4NSIsImV4cCI6MTc3MjM4MjY2OH0.Xue89pQj6Atdqum_RdifSyE2HvgN3jpeAzzppv35-rw', 'user': {'email': 'admin.teste.154017@teste.com', 'id': 'a4b6eb7a-89bf-42a2-a8fd-b4a43931cdd4', 'name': 'Admin Teste', 'role': 'admin_church', ...}}</error></testcase><testcase classname="backend.tests.test_ensino_module.TestErrorHandling" name="test_04_unauthorized_access" time="0.105" /><testcase classname="backend.tests.test_ensino_module.TestCleanup" name="test_01_delete_progresso" time="0.000"><error message="failed on setup with &quot;AssertionError: No access_token in response: {'token': 'eyJhbGciOiJIUzI1NiIsInR5cCI6IkpXVCJ9.eyJ1c2VyX2lkIjoiYTRiNmViN2EtODliZi00MmEyLWE4ZmQtYjRhNDM5MzFjZGQ0IiwiZW1haWwiOiJhZG1pbi50ZXN0ZS4xNTQwMTdAdGVzdGUuY29tIiwicm9sZSI6ImFkbWluX2NodXJjaCIsInRlbmFudF9pZCI6IjFmZmJiYTY2LWQ0ZjktNGVmZS04ZTc5LTU5ZGZmMWU5NTI4NSIsImV4cCI6MTc3MjM4MjY2OH0.Xue89pQj6Atdqum_RdifSyE2HvgN3jpeAzzppv35-rw', 'user': {'id': 'a4b6eb7a-89bf-42a2-a8fd-b4a43931cdd4', 'email': 'admin.teste.154017@teste.com', 'name': 'Admin Teste', 'role': 'admin_church', 'tenant_id': '1ffbba66-d4f9-4efe-8e79-59dff1e95285'}}&#10;assert 'access_token' in {'token': 'eyJhbGciOiJIUzI1NiIsInR5cCI6IkpXVCJ9.eyJ1c2VyX2lkIjoiYTRiNmViN2EtODliZi00MmEyLWE4ZmQtYjRhNDM5MzFjZGQ0IiwiZW1haWwiOiJhZG1pbi50ZXN0ZS4xNTQwMTdAdGVzdGUuY29tIiwicm9sZSI6ImFkbWluX2NodXJjaCIsInRlbmFudF9pZCI6IjFmZmJiYTY2LWQ0ZjktNGVmZS04ZTc5LTU5ZGZmMWU5NTI4NSIsImV4cCI6MTc3MjM4MjY2OH0.Xue89pQj6Atdqum_RdifSyE2HvgN3jpeAzzppv35-rw', 'user': {'email': 'admin.teste.154017@teste.com', 'id': 'a4b6eb7a-89bf-42a2-a8fd-b4a43931cdd4', 'name': 'Admin Teste', 'role': 'admin_church', ...}}&quot;">backend/tests/test_ensino_module.py:34: in auth_token
    assert "access_token" in data, f"No access_token in response: {data}"
E   AssertionError: No access_token in response: {'token': 'eyJhbGciOiJIUzI1NiIsInR5cCI6IkpXVCJ9.eyJ1c2VyX2lkIjoiYTRiNmViN2EtODliZi00MmEyLWE4ZmQtYjRhNDM5MzFjZGQ0IiwiZW1haWwiOiJhZG1pbi50ZXN0ZS4xNTQwMTdAdGVzdGUuY29tIiwicm9sZSI6ImFkbWluX2NodXJjaCIsInRlbmFudF9pZCI6IjFmZmJiYTY2LWQ0ZjktNGVmZS04ZTc5LTU5ZGZmMWU5NTI4NSIsImV4cCI6MTc3MjM4MjY2OH0.Xue89pQj6Atdqum_RdifSyE2HvgN3jpeAzzppv35-rw', 'user': {'id': 'a4b6eb7a-89bf-42a2-a8fd-b4a43931cdd4', 'email': 'admin.teste.154017@teste.com', 'name': 'Admin Teste', 'role': 'admin_church', 'tenant_id': '1ffbba66-d4f9-4efe-8e79-59dff1e95285'}}
E   assert 'access_token' in {'token': 'eyJhbGciOiJIUzI1NiIsInR5cCI6IkpXVCJ9.eyJ1c2VyX2lkIjoiYTRiNmViN2EtODliZi00MmEyLWE4ZmQtYjRhNDM5MzFjZGQ0IiwiZW1haWwiOiJhZG1pbi50ZXN0ZS4xNTQwMTdAdGVzdGUuY29tIiwicm9sZSI6ImFkbWluX2NodXJjaCIsInRlbmFudF9pZCI6IjFmZmJiYTY2LWQ0ZjktNGVmZS04ZTc5LTU5ZGZmMWU5NTI4NSIsImV4cCI6MTc3MjM4MjY2OH0.Xue89pQj6Atdqum_RdifSyE2HvgN3jpeAzzppv35-rw', 'user': {'email': 'admin.teste.154017@teste.com', 'id': 'a4b6eb7a-89bf-42a2-a8fd-b4a43931cdd4', 'name': 'Admin Teste', 'role': 'admin_church', ...}}</error></testcase><testcase classname="backend.tests.test_ensino_module.TestCleanup" name="test_02_delete_estudo" time="0.000"><error message="failed on setup with &quot;AssertionError: No access_token in response: {'token': 'eyJhbGciOiJIUzI1NiIsInR5cCI6IkpXVCJ9.eyJ1c2VyX2lkIjoiYTRiNmViN2EtODliZi00MmEyLWE4ZmQtYjRhNDM5MzFjZGQ0IiwiZW1haWwiOiJhZG1pbi50ZXN0ZS4xNTQwMTdAdGVzdGUuY29tIiwicm9sZSI6ImFkbWluX2NodXJjaCIsInRlbmFudF9pZCI6IjFmZmJiYTY2LWQ0ZjktNGVmZS04ZTc5LTU5ZGZmMWU5NTI4NSIsImV4cCI6MTc3MjM4MjY2OH0.Xue89pQj6Atdqum_RdifSyE2HvgN3jpeAzzppv35-rw', 'user': {'id': 'a4b6eb7a-89bf-42a2-a8fd-b4a43931cdd4', 'email': 'admin.teste.154017@teste.com', 'name': 'Admin Teste', 'role': 'admin_church', 'tenant_id': '1ffbba66-d4f9-4efe-8e79-59dff1e95285'}}&#10;assert 'access_token' in {'token': 'eyJhbGciOiJIUzI1NiIsInR5cCI6IkpXVCJ9.eyJ1c2VyX2lkIjoiYTRiNmViN2EtODliZi00MmEyLWE4ZmQtYjRhNDM5MzFjZGQ0IiwiZW1haWwiOiJhZG1pbi50ZXN0ZS4xNTQwMTdAdGVzdGUuY29tIiwicm9sZSI6ImFkbWluX2NodXJjaCIsInRlbmFudF9pZCI6IjFmZmJiYTY2LWQ0ZjktNGVmZS04ZTc5LTU5ZGZmMWU5NTI4NSIsImV4cCI6MTc3MjM4MjY2OH0.Xue89pQj6Atdqum_RdifSyE2HvgN3jpeAzzppv35-rw', 'user': {'email': 'admin.teste.154017@teste.com', 'id': 'a4b6eb7a-89bf-42a2-a8fd-b4a43931cdd4', 'name': 'Admin Teste', 'role': 'admin_church', ...}}&quot;">backend/tests/test_ensino_module.py:34: in auth_token
    assert "access_token" in data, f"No access_token in response: {data}"
E   AssertionError: No access_token in response: {'token': 'eyJhbGciOiJIUzI1NiIsInR5cCI6IkpXVCJ9.eyJ1c2VyX2lkIjoiYTRiNmViN2EtODliZi00MmEyLWE4ZmQtYjRhNDM5MzFjZGQ0IiwiZW1haWwiOiJhZG1pbi50ZXN0ZS4xNTQwMTdAdGVzdGUuY29tIiwicm9sZSI6ImFkbWluX2NodXJjaCIsInRlbmFudF9pZCI6IjFmZmJiYTY2LWQ0ZjktNGVmZS04ZTc5LTU5ZGZmMWU5NTI4NSIsImV4cCI6MTc3MjM4MjY2OH0.Xue89pQj6Atdqum_RdifSyE2HvgN3jpeAzzppv35-rw', 'user': {'id': 'a4b6eb7a-89bf-42a2-a8fd-b4a43931cdd4', 'email': 'admin.teste.154017@teste.com', 'name': 'Admin Teste', 'role': 'admin_church', 'tenant_id': '1ffbba66-d4f9-4efe-8e79-59dff1e95285'}}
E   assert 'access_token' in {'token': 'eyJhbGciOiJIUzI1NiIsInR5cCI6IkpXVCJ9.eyJ1c2VyX2lkIjoiYTRiNmViN2EtODliZi00MmEyLWE4ZmQtYjRhNDM5MzFjZGQ0IiwiZW1haWwiOiJhZG1pbi50ZXN0ZS4xNTQwMTdAdGVzdGUuY29tIiwicm9sZSI6ImFkbWluX2NodXJjaCIsInRlbmFudF9pZCI6IjFmZmJiYTY2LWQ0ZjktNGVmZS04ZTc5LTU5ZGZmMWU5NTI4NSIsImV4cCI6MTc3MjM4MjY2OH0.Xue89pQj6Atdqum_RdifSyE2HvgN3jpeAzzppv35-rw', 'user': {'email': 'admin.teste.154017@teste.com', 'id': 'a4b6eb7a-89bf-42a2-a8fd-b4a43931cdd4', 'name': 'Admin Teste', 'role': 'admin_church', ...}}</error></testcase><testcase classname="backend.tests.test_ensino_module.TestCleanup" name="test_03_delete_turma" time="0.000"><error message="failed on setup with &quot;AssertionError: No access_token in response: {'token': 'eyJhbGciOiJIUzI1NiIsInR5cCI6IkpXVCJ9.eyJ1c2VyX2lkIjoiYTRiNmViN2EtODliZi00MmEyLWE4ZmQtYjRhNDM5MzFjZGQ0IiwiZW1haWwiOiJhZG1pbi50ZXN0ZS4xNTQwMTdAdGVzdGUuY29tIiwicm9sZSI6ImFkbWluX2NodXJjaCIsInRlbmFudF9pZCI6IjFmZmJiYTY2LWQ0ZjktNGVmZS04ZTc5LTU5ZGZmMWU5NTI4NSIsImV4cCI6MTc3MjM4MjY2OH0.Xue89pQj6Atdqum_RdifSyE2HvgN3jpeAzzppv35-rw', 'user': {'id': 'a4b6eb7a-89bf-42a2-a8fd-b4a43931cdd4', 'email': 'admin.teste.154017@teste.com', 'name': 'Admin Teste', 'role': 'admin_church', 'tenant_id': '1ffbba66-d4f9-4efe-8e79-59dff1e95285'}}&#10;assert 'access_token' in {'token': 'eyJhbGciOiJIUzI1NiIsInR5cCI6IkpXVCJ9.eyJ1c2VyX2lkIjoiYTRiNmViN2EtODliZi00MmEyLWE4ZmQtYjRhNDM5MzFjZGQ0IiwiZW1haWwiOiJhZG1pbi50ZXN0ZS4xNTQwMTdAdGVzdGUuY29tIiwicm9sZSI6ImFkbWluX2NodXJjaCIsInRlbmFudF9pZCI6IjFmZmJiYTY2LWQ0ZjktNGVmZS04ZTc5LTU5ZGZmMWU5NTI4NSIsImV4cCI6MTc3MjM4MjY2OH0.Xue89pQj6Atdqum_RdifSyE2HvgN3jpeAzzppv35-rw', 'user': {'email': 'admin.teste.154017@teste.com', 'id': 'a4b6eb7a-89bf-42a2-a8fd-b4a43931cdd4', 'name': 'Admin Teste', 'role': 'admin_church', ...}}&quot;">backend/tests/test_ensino_module.py:34: in auth_token
    assert "access_token" in data, f"No access_token in response: {data}"
E   AssertionError: No access_token in response: {'token': 'eyJhbGciOiJIUzI1NiIsInR5cCI6IkpXVCJ9.eyJ1c2VyX2lkIjoiYTRiNmViN2EtODliZi00MmEyLWE4ZmQtYjRhNDM5MzFjZGQ0IiwiZW1haWwiOiJhZG1pbi50ZXN0ZS4xNTQwMTdAdGVzdGUuY29tIiwicm9sZSI6ImFkbWluX2NodXJjaCIsInRlbmFudF9pZCI6IjFmZmJiYTY2LWQ0ZjktNGVmZS04ZTc5LTU5ZGZmMWU5NTI4NSIsImV4cCI6MTc3MjM4MjY2OH0.Xue89pQj6Atdqum_RdifSyE2HvgN3jpeAzzppv35-rw', 'user': {'id': 'a4b6eb7a-89bf-42a2-a8fd-b4a43931cdd4', 'email': 'admin.teste.154017@teste.com', 'name': 'Admin Teste', 'role': 'admin_church', 'tenant_id': '1ffbba66-d4f9-4efe-8e79-59dff1e95285'}}
E   assert 'access_token' in {'token': 'eyJhbGciOiJIUzI1NiIsInR5cCI6IkpXVCJ9.eyJ1c2VyX2lkIjoiYTRiNmViN2EtODliZi00MmEyLWE4ZmQtYjRhNDM5MzFjZGQ0IiwiZW1haWwiOiJhZG1pbi50ZXN0ZS4xNTQwMTdAdGVzdGUuY29tIiwicm9sZSI6ImFkbWluX2NodXJjaCIsInRlbmFudF9pZCI6IjFmZmJiYTY2LWQ0ZjktNGVmZS04ZTc5LTU5ZGZmMWU5NTI4NSIsImV4cCI6MTc3MjM4MjY2OH0.Xue89pQj6Atdqum_RdifSyE2HvgN3jpeAzzppv35-rw', 'user': {'email': 'admin.teste.154017@teste.com', 'id': 'a4b6eb7a-89bf-42a2-a8fd-b4a43931cdd4', 'name': 'Admin Teste', 'role': 'admin_church', ...}}</error></testcase><testcase classname="backend.tests.test_ensino_module.TestCleanup" name="test_04_delete_escola" time="0.000"><error message="failed on setup with &quot;AssertionError: No access_token in response: {'token': 'eyJhbGciOiJIUzI1NiIsInR5cCI6IkpXVCJ9.eyJ1c2VyX2lkIjoiYTRiNmViN2EtODliZi00MmEyLWE4ZmQtYjRhNDM5MzFjZGQ0IiwiZW1haWwiOiJhZG1pbi50ZXN0ZS4xNTQwMTdAdGVzdGUuY29tIiwicm9sZSI6ImFkbWluX2NodXJjaCIsInRlbmFudF9pZCI6IjFmZmJiYTY2LWQ0ZjktNGVmZS04ZTc5LTU5ZGZmMWU5NTI4NSIsImV4cCI6MTc3MjM4MjY2OH0.Xue89pQj6Atdqum_RdifSyE2HvgN3jpeAzzppv35-rw', 'user': {'id': 'a4b6eb7a-89bf-42a2-a8fd-b4a43931cdd4', 'email': 'admin.teste.154017@teste.com', 'name': 'Admin Teste', 'role': 'admin_church', 'tenant_id': '1ffbba66-d4f9-4efe-8e79-59dff1e95285'}}&#10;assert 'access_token' in {'token': 'eyJhbGciOiJIUzI1NiIsInR5cCI6IkpXVCJ9.eyJ1c2VyX2lkIjoiYTRiNmViN2EtODliZi00MmEyLWE4ZmQtYjRhNDM5MzFjZGQ0IiwiZW1haWwiOiJhZG1pbi50ZXN0ZS4xNTQwMTdAdGVzdGUuY29tIiwicm9sZSI6ImFkbWluX2NodXJjaCIsInRlbmFudF9pZCI6IjFmZmJiYTY2LWQ0ZjktNGVmZS04ZTc5LTU5ZGZmMWU5NTI4NSIsImV4cCI6MTc3MjM4MjY2OH0.Xue89pQj6Atdqum_RdifSyE2HvgN3jpeAzzppv35-rw', 'user': {'email': 'admin.teste.154017@teste.com', 'id': 'a4b6eb7a-89bf-42a2-a8fd-b4a43931cdd4', 'name': 'Admin Teste', 'role': 'admin_church', ...}}&quot;">backend/tests/test_ensino_module.py:34: in auth_token
    assert "access_token" in data, f"No access_token in response: {data}"
E   AssertionError: No access_token in response: {'token': 'eyJhbGciOiJIUzI1NiIsInR5cCI6IkpXVCJ9.eyJ1c2VyX2lkIjoiYTRiNmViN2EtODliZi00MmEyLWE4ZmQtYjRhNDM5MzFjZGQ0IiwiZW1haWwiOiJhZG1pbi50ZXN0ZS4xNTQwMTdAdGVzdGUuY29tIiwicm9sZSI6ImFkbWluX2NodXJjaCIsInRlbmFudF9pZCI6IjFmZmJiYTY2LWQ0ZjktNGVmZS04ZTc5LTU5ZGZmMWU5NTI4NSIsImV4cCI6MTc3MjM4MjY2OH0.Xue89pQj6Atdqum_RdifSyE2HvgN3jpeAzzppv35-rw', 'user': {'id': 'a4b6eb7a-89bf-42a2-a8fd-b4a43931cdd4', 'email': 'admin.teste.154017@teste.com', 'name': 'Admin Teste', 'role': 'admin_church', 'tenant_id': '1ffbba66-d4f9-4efe-8e79-59dff1e95285'}}
E   assert 'access_token' in {'token': 'eyJhbGciOiJIUzI1NiIsInR5cCI6IkpXVCJ9.eyJ1c2VyX2lkIjoiYTRiNmViN2EtODliZi00MmEyLWE4ZmQtYjRhNDM5MzFjZGQ0IiwiZW1haWwiOiJhZG1pbi50ZXN0ZS4xNTQwMTdAdGVzdGUuY29tIiwicm9sZSI6ImFkbWluX2NodXJjaCIsInRlbmFudF9pZCI6IjFmZmJiYTY2LWQ0ZjktNGVmZS04ZTc5LTU5ZGZmMWU5NTI4NSIsImV4cCI6MTc3MjM4MjY2OH0.Xue89pQj6Atdqum_RdifSyE2HvgN3jpeAzzppv35-rw', 'user': {'email': 'admin.teste.154017@teste.com', 'id': 'a4b6eb7a-89bf-42a2-a8fd-b4a43931cdd4', 'name': 'Admin Teste', 'role': 'admin_church', ...}}</error></testcase></testsuite></testsuites>