<?xml version="1.0" encoding="utf-8"?><testsuites name="pytest tests"><testsuite name="pytest" errors="0" failures="0" skipped="0" tests="34" time="2.833" timestamp="2026-02-28T16:31:20.829278+00:00" hostname="agent-env-c887bc33-cc18-459b-80ba-ec5cd889ec46"><testcase classname="backend.tests.test_ensino_module.TestEscolas" name="test_01_create_escola" time="0.478" /><testcase classname="backend.tests.test_ensino_module.TestEscolas" name="test_02_list_escolas" time="0.063" /><testcase classname="backend.tests.test_ensino_module.TestEscolas" name="test_03_get_escola" time="0.056" /><testcase classname="backend.tests.test_ensino_module.TestEscolas" name="test_04_update_escola" time="0.129" /><testcase classname="backend.tests.test_ensino_module.TestEscolas" name="test_05_search_escolas" time="0.050" /><testcase classname="backend.tests.test_ensino_module.TestTurmas" name="test_01_create_turma" time="0.072" /><testcase classname="backend.tests.test_ensino_module.TestTurmas" name="test_02_list_turmas" time="0.052" /><testcase classname="backend.tests.test_ensino_module.TestTurmas" name="test_03_list_turmas_with_filters" time="0.049" /><testcase classname="backend.tests.test_ensino_module.TestTurmas" name="test_04_get_turma_detail" time="0.059" /><testcase classname="backend.tests.test_ensino_module.TestTurmas" name="test_05_update_turma" time="0.109" /><testcase classname="backend.tests.test_ensino_module.TestTurmas" name="test_06_add_members_to_turma" time="0.120" /><testcase classname="backend.tests.test_ensino_module.TestTurmas" name="test_07_verify_member_in_turma" time="0.062" /><testcase classname="backend.tests.test_ensino_module.TestTurmas" name="test_08_add_empty_members_fails" time="0.055" /><testcase classname="backend.tests.test_ensino_module.TestTurmas" name="test_09_remove_member_from_turma" time="0.053" /><testcase classname="backend.tests.test_ensino_module.TestTurmas" name="test_10_filter_by_escola" time="0.061" /><testcase classname="backend.tests.test_ensino_module.TestEstudos" name="test_01_create_estudo" time="0.063" /><testcase classname="backend.tests.test_ensino_module.TestEstudos" name="test_02_list_estudos" time="0.057" /><testcase classname="backend.tests.test_ensino_module.TestEstudos" name="test_03_list_estudos_with_filters" time="0.063" /><testcase classname="backend.tests.test_ensino_module.TestEstudos" name="test_04_get_estudo" time="0.055" /><testcase classname="backend.tests.test_ensino_module.TestEstudos" name="test_05_update_estudo" time="0.098" /><testcase classname="backend.tests.test_ensino_module.TestEstudos" name="test_06_archive_estudo" time="0.177" /><testcase classname="backend.tests.test_ensino_module.TestEstudos" name="test_07_search_estudos" time="0.055" /><testcase classname="backend.tests.test_ensino_module.TestProgressoEnsino" name="test_01_create_progresso" time="0.059" /><testcase classname="backend.tests.test_ensino_module.TestProgressoEnsino" name="test_02_get_progresso_membro" time="0.055" /><testcase classname="backend.tests.test_ensino_module.TestProgressoEnsino" name="test_03_update_progresso" time="0.055" /><testcase classname="backend.tests.test_ensino_module.TestPainelAcademico" name="test_01_get_painel_academico" time="0.062" /><testcase classname="backend.tests.test_ensino_module.TestErrorHandling" name="test_01_get_nonexistent_escola" time="0.049" /><testcase classname="backend.tests.test_ensino_module.TestErrorHandling" name="test_02_get_nonexistent_turma" time="0.048" /><testcase classname="backend.tests.test_ensino_module.TestErrorHandling" name="test_03_get_nonexistent_estudo" time="0.047" /><testcase classname="backend.tests.test_ensino_module.TestErrorHandling" name="test_04_unauthorized_access" time="0.114" /><testcase classname="backend.tests.test_ensino_module.TestCleanup" name="test_01_delete_progresso" time="0.049" /><testcase classname="backend.tests.test_ensino_module.TestCleanup" name="test_02_delete_estudo" time="0.056" /><testcase classname="backend.tests.test_ensino_module.TestCleanup" name="test_03_delete_turma" time="0.054" /><testcase classname="backend.tests.test_ensino_module.TestCleanup" name="test_04_delete_escola" time="0.051" /></testsuite></testsuites>