<?xml version="1.0" encoding="utf-8"?><testsuites name="pytest tests"><testsuite name="pytest" errors="0" failures="0" skipped="0" tests="32" time="12.463" timestamp="2026-03-01T14:43:37.344012+00:00" hostname="agent-env-c887bc33-cc18-459b-80ba-ec5cd889ec46"><testcase classname="backend.tests.test_financial_module.TestAuthAndSetup" name="test_login_success" time="0.423" /><testcase classname="backend.tests.test_financial_module.TestContasFinanceiras" name="test_create_conta" time="0.613" /><testcase classname="backend.tests.test_financial_module.TestContasFinanceiras" name="test_list_contas" time="0.265" /><testcase classname="backend.tests.test_financial_module.TestContasFinanceiras" name="test_update_conta" time="0.333" /><testcase classname="backend.tests.test_financial_module.TestCategoriasFinanceiras" name="test_create_categoria_receita" time="0.575" /><testcase classname="backend.tests.test_financial_module.TestCategoriasFinanceiras" name="test_create_categoria_despesa" time="0.230" /><testcase classname="backend.tests.test_financial_module.TestCategoriasFinanceiras" name="test_list_categorias_filter_tipo" time="0.211" /><testcase classname="backend.tests.test_financial_module.TestCategoriasFinanceiras" name="test_update_categoria" time="0.108" /><testcase classname="backend.tests.test_financial_module.TestCategoriasFinanceiras" name="test_delete_categoria" time="0.351" /><testcase classname="backend.tests.test_financial_module.TestCentrosCusto" name="test_create_centro_custo" time="0.566" /><testcase classname="backend.tests.test_financial_module.TestCentrosCusto" name="test_list_centros_custo" time="0.393" /><testcase classname="backend.tests.test_financial_module.TestContatosFinanceiros" name="test_create_contato" time="0.574" /><testcase classname="backend.tests.test_financial_module.TestContatosFinanceiros" name="test_list_contatos" time="0.098" /><testcase classname="backend.tests.test_financial_module.TestTransacoes" name="test_create_transacao_receita" time="0.682" /><testcase classname="backend.tests.test_financial_module.TestTransacoes" name="test_create_transacao_despesa" time="0.136" /><testcase classname="backend.tests.test_financial_module.TestTransacoes" name="test_create_transacao_transferencia" time="0.411" /><testcase classname="backend.tests.test_financial_module.TestTransacoes" name="test_list_transacoes_filters" time="0.347" /><testcase classname="backend.tests.test_financial_module.TestTransacoes" name="test_negative_value_rejected" time="0.101" /><testcase classname="backend.tests.test_financial_module.TestTransacoes" name="test_confirmed_transaction_cannot_be_edited" time="0.226" /><testcase classname="backend.tests.test_financial_module.TestTransacoes" name="test_confirmed_transaction_can_be_cancelled" time="0.538" /><testcase classname="backend.tests.test_financial_module.TestTransacoes" name="test_confirmed_transaction_cannot_be_deleted" time="0.345" /><testcase classname="backend.tests.test_financial_module.TestPeriodosBloqueados" name="test_block_period" time="0.468" /><testcase classname="backend.tests.test_financial_module.TestPeriodosBloqueados" name="test_list_blocked_periods" time="0.112" /><testcase classname="backend.tests.test_financial_module.TestPeriodosBloqueados" name="test_transaction_in_blocked_period_rejected" time="0.326" /><testcase classname="backend.tests.test_financial_module.TestPeriodosBloqueados" name="test_unblock_period" time="0.268" /><testcase classname="backend.tests.test_financial_module.TestAccountDeletionWithTransactions" name="test_account_with_transactions_cannot_be_deleted" time="0.669" /><testcase classname="backend.tests.test_financial_module.TestFinanceiroLogs" name="test_list_logs" time="0.495" /><testcase classname="backend.tests.test_financial_module.TestResumoFinanceiro" name="test_get_resumo" time="0.451" /><testcase classname="backend.tests.test_financial_module.TestPainelEstrategico" name="test_get_painel_estrategico" time="0.423" /><testcase classname="backend.tests.test_financial_module.TestImportarTransacoes" name="test_import_transacoes" time="0.555" /><testcase classname="backend.tests.test_financial_module.TestImportarTransacoes" name="test_import_with_invalid_value" time="0.119" /><testcase classname="backend.tests.test_financial_module.TestCleanup" name="test_cleanup_test_data" time="0.881" /></testsuite></testsuites>