<?xml version="1.0" encoding="utf-8"?><testsuites name="pytest tests"><testsuite name="pytest" errors="0" failures="0" skipped="0" tests="23" time="4.882" timestamp="2026-02-28T16:00:38.390315+00:00" hostname="agent-env-c887bc33-cc18-459b-80ba-ec5cd889ec46"><testcase classname="backend.tests.test_groups_module.TestGroupsModule" name="test_01_create_group_category" time="0.532" /><testcase classname="backend.tests.test_groups_module.TestGroupsModule" name="test_02_list_group_categories" time="0.113" /><testcase classname="backend.tests.test_groups_module.TestGroupsModule" name="test_03_update_group_category" time="0.219" /><testcase classname="backend.tests.test_groups_module.TestGroupsModule" name="test_04_get_member_for_leader" time="0.116" /><testcase classname="backend.tests.test_groups_module.TestGroupsModule" name="test_05_create_group" time="0.116" /><testcase classname="backend.tests.test_groups_module.TestGroupsModule" name="test_06_list_groups" time="0.123" /><testcase classname="backend.tests.test_groups_module.TestGroupsModule" name="test_07_list_groups_with_status_filter" time="0.132" /><testcase classname="backend.tests.test_groups_module.TestGroupsModule" name="test_08_list_groups_with_category_filter" time="0.130" /><testcase classname="backend.tests.test_groups_module.TestGroupsModule" name="test_09_list_groups_with_search" time="0.120" /><testcase classname="backend.tests.test_groups_module.TestGroupsModule" name="test_10_get_group_detail" time="0.116" /><testcase classname="backend.tests.test_groups_module.TestGroupsModule" name="test_11_update_group" time="0.228" /><testcase classname="backend.tests.test_groups_module.TestGroupsModule" name="test_12_add_members_to_group" time="0.252" /><testcase classname="backend.tests.test_groups_module.TestGroupsModule" name="test_13_add_duplicate_member_no_error" time="0.133" /><testcase classname="backend.tests.test_groups_module.TestGroupsModule" name="test_14_remove_member_from_group" time="0.215" /><testcase classname="backend.tests.test_groups_module.TestGroupsModule" name="test_15_strategic_dashboard" time="0.107" /><testcase classname="backend.tests.test_groups_module.TestGroupsModule" name="test_16_archive_group" time="0.211" /><testcase classname="backend.tests.test_groups_module.TestGroupsModule" name="test_17_reactivate_group" time="0.218" /><testcase classname="backend.tests.test_groups_module.TestGroupsModule" name="test_18_delete_group" time="0.209" /><testcase classname="backend.tests.test_groups_module.TestGroupsModule" name="test_19_delete_group_category" time="0.226" /><testcase classname="backend.tests.test_groups_module.TestGroupsErrorHandling" name="test_get_nonexistent_group" time="0.431" /><testcase classname="backend.tests.test_groups_module.TestGroupsErrorHandling" name="test_delete_nonexistent_group" time="0.126" /><testcase classname="backend.tests.test_groups_module.TestGroupsErrorHandling" name="test_add_members_no_ids" time="0.587" /><testcase classname="backend.tests.test_groups_module.TestGroupsErrorHandling" name="test_unauthorized_access" time="0.101" /></testsuite></testsuites>