<?xml version="1.0" encoding="utf-8"?><testsuites name="pytest tests"><testsuite name="pytest" errors="0" failures="0" skipped="0" tests="31" time="4.339" timestamp="2026-02-28T14:09:28.833673+00:00" hostname="agent-env-c561359b-78ff-4dc5-ab9c-d352f121b1ff"><testcase classname="backend.tests.test_members_module.TestHealthCheck" name="test_api_health" time="0.134" /><testcase classname="backend.tests.test_members_module.TestHealthCheck" name="test_api_root" time="0.117" /><testcase classname="backend.tests.test_members_module.TestAuthentication" name="test_login_church_admin" time="0.325" /><testcase classname="backend.tests.test_members_module.TestAuthentication" name="test_login_invalid_credentials" time="0.114" /><testcase classname="backend.tests.test_members_module.TestMemberCategories" name="test_create_category" time="0.442" /><testcase classname="backend.tests.test_members_module.TestMemberCategories" name="test_list_categories" time="0.113" /><testcase classname="backend.tests.test_members_module.TestMemberCategories" name="test_update_category" time="0.108" /><testcase classname="backend.tests.test_members_module.TestMemberCategories" name="test_delete_category" time="0.107" /><testcase classname="backend.tests.test_members_module.TestMemberPositions" name="test_create_position" time="0.115" /><testcase classname="backend.tests.test_members_module.TestMemberPositions" name="test_list_positions" time="0.096" /><testcase classname="backend.tests.test_members_module.TestMemberPositions" name="test_update_position" time="0.095" /><testcase classname="backend.tests.test_members_module.TestMemberPositions" name="test_delete_position" time="0.099" /><testcase classname="backend.tests.test_members_module.TestCustomFields" name="test_create_text_field" time="0.106" /><testcase classname="backend.tests.test_members_module.TestCustomFields" name="test_create_select_field" time="0.103" /><testcase classname="backend.tests.test_members_module.TestCustomFields" name="test_list_custom_fields" time="0.104" /><testcase classname="backend.tests.test_members_module.TestCustomFields" name="test_update_custom_field" time="0.103" /><testcase classname="backend.tests.test_members_module.TestCustomFields" name="test_delete_custom_field" time="0.107" /><testcase classname="backend.tests.test_members_module.TestMenuCustomization" name="test_get_menu_customization" time="0.128" /><testcase classname="backend.tests.test_members_module.TestMenuCustomization" name="test_update_menu_customization" time="0.107" /><testcase classname="backend.tests.test_members_module.TestMembers" name="test_create_member" time="0.123" /><testcase classname="backend.tests.test_members_module.TestMembers" name="test_list_members_paginated" time="0.111" /><testcase classname="backend.tests.test_members_module.TestMembers" name="test_list_members_with_search" time="0.113" /><testcase classname="backend.tests.test_members_module.TestMembers" name="test_list_members_with_status_filter" time="0.172" /><testcase classname="backend.tests.test_members_module.TestMembers" name="test_get_member_by_id" time="0.094" /><testcase classname="backend.tests.test_members_module.TestMembers" name="test_update_member" time="0.228" /><testcase classname="backend.tests.test_members_module.TestMembers" name="test_delete_member" time="0.202" /><testcase classname="backend.tests.test_members_module.TestMemberBirthdays" name="test_get_birthdays_current_month" time="0.119" /><testcase classname="backend.tests.test_members_module.TestMemberBirthdays" name="test_get_birthdays_specific_month" time="0.096" /><testcase classname="backend.tests.test_members_module.TestCleanup" name="test_cleanup_test_categories" time="0.097" /><testcase classname="backend.tests.test_members_module.TestCleanup" name="test_cleanup_test_positions" time="0.101" /><testcase classname="backend.tests.test_members_module.TestCleanup" name="test_cleanup_test_fields" time="0.198" /></testsuite></testsuites>