<?xml version="1.0" encoding="utf-8"?><testsuites name="pytest tests"><testsuite name="pytest" errors="0" failures="2" skipped="0" tests="31" time="4.596" timestamp="2026-02-28T14:08:40.072591+00:00" hostname="agent-env-c561359b-78ff-4dc5-ab9c-d352f121b1ff"><testcase classname="backend.tests.test_members_module.TestHealthCheck" name="test_api_health" time="0.153" /><testcase classname="backend.tests.test_members_module.TestHealthCheck" name="test_api_root" time="0.104" /><testcase classname="backend.tests.test_members_module.TestAuthentication" name="test_login_church_admin" time="0.374" /><testcase classname="backend.tests.test_members_module.TestAuthentication" name="test_login_invalid_credentials" time="0.129" /><testcase classname="backend.tests.test_members_module.TestMemberCategories" name="test_create_category" time="0.441" /><testcase classname="backend.tests.test_members_module.TestMemberCategories" name="test_list_categories" time="0.116" /><testcase classname="backend.tests.test_members_module.TestMemberCategories" name="test_update_category" time="0.110" /><testcase classname="backend.tests.test_members_module.TestMemberCategories" name="test_delete_category" time="0.100" /><testcase classname="backend.tests.test_members_module.TestMemberPositions" name="test_create_position" time="0.098" /><testcase classname="backend.tests.test_members_module.TestMemberPositions" name="test_list_positions" time="0.119" /><testcase classname="backend.tests.test_members_module.TestMemberPositions" name="test_update_position" time="0.122" /><testcase classname="backend.tests.test_members_module.TestMemberPositions" name="test_delete_position" time="0.109" /><testcase classname="backend.tests.test_members_module.TestCustomFields" name="test_create_text_field" time="0.111" /><testcase classname="backend.tests.test_members_module.TestCustomFields" name="test_create_select_field" time="0.104" /><testcase classname="backend.tests.test_members_module.TestCustomFields" name="test_list_custom_fields" time="0.109" /><testcase classname="backend.tests.test_members_module.TestCustomFields" name="test_update_custom_field" time="0.111" /><testcase classname="backend.tests.test_members_module.TestCustomFields" name="test_delete_custom_field" time="0.123" /><testcase classname="backend.tests.test_members_module.TestMenuCustomization" name="test_get_menu_customization" time="0.102" /><testcase classname="backend.tests.test_members_module.TestMenuCustomization" name="test_update_menu_customization" time="0.110" /><testcase classname="backend.tests.test_members_module.TestMembers" name="test_create_member" time="0.123" /><testcase classname="backend.tests.test_members_module.TestMembers" name="test_list_members_paginated" time="0.102" /><testcase classname="backend.tests.test_members_module.TestMembers" name="test_list_members_with_search" time="0.111" /><testcase classname="backend.tests.test_members_module.TestMembers" name="test_list_members_with_status_filter" time="0.109" /><testcase classname="backend.tests.test_members_module.TestMembers" name="test_get_member_by_id" time="0.104" /><testcase classname="backend.tests.test_members_module.TestMembers" name="test_update_member" time="0.216" /><testcase classname="backend.tests.test_members_module.TestMembers" name="test_delete_member" time="0.216" /><testcase classname="backend.tests.test_members_module.TestMemberBirthdays" name="test_get_birthdays_current_month" time="0.105"><failure message="AssertionError: Expected 200, got 404: {&quot;detail&quot;:&quot;Membro não encontrado&quot;}&#10;assert 404 == 200&#10; +  where 404 = &lt;Response [404]&gt;.status_code">backend/tests/test_members_module.py:475: in test_get_birthdays_current_month
    assert response.status_code == 200, f"Expected 200, got {response.status_code}: {response.text}"
E   AssertionError: Expected 200, got 404: {"detail":"Membro não encontrado"}
E   assert 404 == 200
E    +  where 404 = &lt;Response [404]&gt;.status_code</failure></testcase><testcase classname="backend.tests.test_members_module.TestMemberBirthdays" name="test_get_birthdays_specific_month" time="0.113"><failure message="assert 404 == 200&#10; +  where 404 = &lt;Response [404]&gt;.status_code">backend/tests/test_members_module.py:487: in test_get_birthdays_specific_month
    assert response.status_code == 200
E   assert 404 == 200
E    +  where 404 = &lt;Response [404]&gt;.status_code</failure></testcase><testcase classname="backend.tests.test_members_module.TestCleanup" name="test_cleanup_test_categories" time="0.111" /><testcase classname="backend.tests.test_members_module.TestCleanup" name="test_cleanup_test_positions" time="0.132" /><testcase classname="backend.tests.test_members_module.TestCleanup" name="test_cleanup_test_fields" time="0.205" /></testsuite></testsuites>